<?xml version="1.0" encoding="UTF-8"?>
<testng-results ignored="0" total="2" passed="2" failed="0" skipped="0">
  <reporter-output>
  </reporter-output>
  <suite started-at="2023-12-31T11:59:47 IST" name="Suite" finished-at="2023-12-31T12:00:39 IST" duration-ms="51709">
    <groups>
    </groups>
    <test started-at="2023-12-31T11:59:47 IST" name="Test" finished-at="2023-12-31T12:00:39 IST" duration-ms="51709">
      <class name="testclass.registerTest">
        <test-method is-config="true" signature="setup()[pri:0, instance:testclass.registerTest@7f132176]" started-at="2023-12-31T11:59:48 IST" name="setup" finished-at="2023-12-31T12:00:15 IST" duration-ms="26979" status="PASS">
          <reporter-output>
          </reporter-output>
        </test-method> <!-- setup -->
        <test-method is-config="true" signature="takeScreenshot()[pri:0, instance:testclass.registerTest@7f132176]" started-at="2023-12-31T12:00:15 IST" name="takeScreenshot" finished-at="2023-12-31T12:00:15 IST" duration-ms="1" status="PASS">
          <reporter-output>
          </reporter-output>
        </test-method> <!-- takeScreenshot -->
        <test-method signature="validverifytest()[pri:0, instance:testclass.registerTest@7f132176]" started-at="2023-12-31T12:00:15 IST" name="validverifytest" finished-at="2023-12-31T12:00:28 IST" duration-ms="12641" status="PASS">
          <reporter-output>
          </reporter-output>
        </test-method> <!-- validverifytest -->
        <test-method is-config="true" signature="takeScreenshot()[pri:0, instance:testclass.registerTest@7f132176]" started-at="2023-12-31T12:00:28 IST" name="takeScreenshot" finished-at="2023-12-31T12:00:28 IST" duration-ms="1" status="PASS">
          <reporter-output>
          </reporter-output>
        </test-method> <!-- takeScreenshot -->
        <test-method signature="invalidverifytest()[pri:1, instance:testclass.registerTest@7f132176]" started-at="2023-12-31T12:00:28 IST" name="invalidverifytest" finished-at="2023-12-31T12:00:39 IST" duration-ms="11524" status="PASS">
          <reporter-output>
          </reporter-output>
        </test-method> <!-- invalidverifytest -->
      </class> <!-- testclass.registerTest -->
    </test> <!-- Test -->
  </suite> <!-- Suite -->
</testng-results>
