<?xml version="1.0" encoding="UTF-8"?>
<testsuite xmlns:xsi="http://www.w3.org/2001/XMLSchema-instance" xsi:noNamespaceSchemaLocation="https://maven.apache.org/surefire/maven-surefire-plugin/xsd/surefire-test-report-3.0.xsd" version="3.0" name="TestSuite" time="54.793" tests="2" errors="0" skipped="0" failures="0">
  <properties>
[...]
</properties>
  <testcase name="validverifytest" classname="testclass.registerTest" time="12.67">
    <system-out><![CDATA[This is a test scenario: onStartTest
&amp#27;[35m[Appium]&amp#27;[39m Welcome to Appium v2.0.1
&amp#27;[35m[Appium]&amp#27;[39m Non-default server args:
&amp#27;[35m[Appium]&amp#27;[39m { address: &amp#27;[32m'127.0.0.1'&amp#27;[39m }
&amp#27;[35m[Appium]&amp#27;[39m Attempting to load driver uiautomator2...
[debug] &amp#27;[35m[Appium]&amp#27;[39m Requiring driver at C:\Users\USER\.appium\node_modules\appium-uiautomator2-driver
&amp#27;[35m[Appium]&amp#27;[39m Appium REST http interface listener started on http://127.0.0.1:4723
&amp#27;[35m[Appium]&amp#27;[39m Available drivers:
&amp#27;[35m[Appium]&amp#27;[39m   - uiautomator2@2.37.0 (automationName 'UiAutomator2')
&amp#27;[35m[Appium]&amp#27;[39m No plugins have been installed. Use the "appium plugin" command to install the one(s) you want to use.
&amp#27;[38;5;0m[HTTP]&amp#27;[0m &amp#27;[37m-->&amp#27;[39m &amp#27;[37mGET&amp#27;[39m &amp#27;[37m/status&amp#27;[39m
&amp#27;[38;5;0m[HTTP]&amp#27;[0m &amp#27;[90m{}&amp#27;[39m
[debug] &amp#27;[38;5;16m[AppiumDriver@8c0e]&amp#27;[0m Calling AppiumDriver.getStatus() with args: []
[debug] &amp#27;[38;5;16m[AppiumDriver@8c0e]&amp#27;[0m Responding to client with driver.getStatus() result: {"build":{"version":"2.0.1"}}
&amp#27;[38;5;0m[HTTP]&amp#27;[0m &amp#27;[37m<-- GET /status &amp#27;[39m&amp#27;[32m200&amp#27;[39m &amp#27;[90m18 ms - 39&amp#27;[39m
&amp#27;[38;5;0m[HTTP]&amp#27;[0m &amp#27;[90m&amp#27;[39m
[debug] &amp#27;[38;5;0m[HTTP]&amp#27;[0m Request idempotency key: afcffd55-236c-404b-99f3-13e3282b98c8
&amp#27;[38;5;0m[HTTP]&amp#27;[0m &amp#27;[37m-->&amp#27;[39m &amp#27;[37mPOST&amp#27;[39m &amp#27;[37m/session&amp#27;[39m
&amp#27;[38;5;0m[HTTP]&amp#27;[0m &amp#27;[90m{"capabilities":{"firstMatch":[{}],"alwaysMatch":{"appium:app":"D:\\Automation_Framework Homelyf\\HomeLyf_serivce_New\\src\\test\\resources\\apk\\app1.apk","appium:automationName":"UIAutomator2","appium:deviceName":"Pixel_6a_API_28","platformName":"ANDROID"}}}&amp#27;[39m
[debug] &amp#27;[38;5;16m[AppiumDriver@8c0e]&amp#27;[0m Calling AppiumDriver.createSession() with args: [null,null,{"firstMatch":[{}],"alwaysMatch":{"appium:app":"D:\\Automation_Framework Homelyf\\HomeLyf_serivce_New\\src\\test\\resources\\apk\\app1.apk","appium:automationName":"UIAutomator2","appium:deviceName":"Pixel_6a_API_28","platformName":"ANDROID"}}]
[debug] &amp#27;[38;5;16m[AppiumDriver@8c0e]&amp#27;[0m Event 'newSessionRequested' logged at 1704004198889 (11:59:58 GMT+0530 (India Standard Time))
&amp#27;[35m[Appium]&amp#27;[39m Attempting to find matching driver for automationName 'UIAutomator2' and platformName 'ANDROID'
&amp#27;[35m[Appium]&amp#27;[39m The 'uiautomator2' driver was installed and matched caps.
&amp#27;[35m[Appium]&amp#27;[39m Will require it at C:\Users\USER\.appium\node_modules\appium-uiautomator2-driver
[debug] &amp#27;[35m[Appium]&amp#27;[39m Requiring driver at C:\Users\USER\.appium\node_modules\appium-uiautomator2-driver
&amp#27;[38;5;16m[AppiumDriver@8c0e]&amp#27;[0m Appium v2.0.1 creating new AndroidUiautomator2Driver (v2.37.0) session
&amp#27;[38;5;16m[AppiumDriver@8c0e]&amp#27;[0m Checking BaseDriver versions for Appium and AndroidUiautomator2Driver
&amp#27;[38;5;16m[AppiumDriver@8c0e]&amp#27;[0m Appium's BaseDriver version is 9.4.4
&amp#27;[38;5;16m[AppiumDriver@8c0e]&amp#27;[0m AndroidUiautomator2Driver's BaseDriver version is 9.4.4
[debug] &amp#27;[38;5;32m[AndroidUiautomator2Driver@f487]&amp#27;[0m Creating session with W3C capabilities: {
[debug] &amp#27;[38;5;32m[AndroidUiautomator2Driver@f487]&amp#27;[0m   "alwaysMatch": {
[debug] &amp#27;[38;5;32m[AndroidUiautomator2Driver@f487]&amp#27;[0m     "platformName": "ANDROID",
[debug] &amp#27;[38;5;32m[AndroidUiautomator2Driver@f487]&amp#27;[0m     "appium:app": "D:\\Automation_Framework Homelyf\\HomeLyf_serivce_New\\src\\test\\resources\\apk\\app1.apk",
[debug] &amp#27;[38;5;32m[AndroidUiautomator2Driver@f487]&amp#27;[0m     "appium:automationName": "UIAutomator2",
[debug] &amp#27;[38;5;32m[AndroidUiautomator2Driver@f487]&amp#27;[0m     "appium:deviceName": "Pixel_6a_API_28"
[debug] &amp#27;[38;5;32m[AndroidUiautomator2Driver@f487]&amp#27;[0m   },
[debug] &amp#27;[38;5;32m[AndroidUiautomator2Driver@f487]&amp#27;[0m   "firstMatch": [
[debug] &amp#27;[38;5;32m[AndroidUiautomator2Driver@f487]&amp#27;[0m     {}
[debug] &amp#27;[38;5;32m[AndroidUiautomator2Driver@f487]&amp#27;[0m   ]
[debug] &amp#27;[38;5;32m[AndroidUiautomator2Driver@f487]&amp#27;[0m }
&amp#27;[38;5;32m[AndroidUiautomator2Driver@f487 (caf0f462)]&amp#27;[0m Session created with session id: caf0f462-7df9-4e23-8625-6505db1f224c
&amp#27;[38;5;48m[BaseDriver]&amp#27;[0m Using local app 'D:\Automation_Framework Homelyf\HomeLyf_serivce_New\src\test\resources\apk\app1.apk'
[debug] &amp#27;[38;5;32m[AndroidUiautomator2Driver@f487 (caf0f462)]&amp#27;[0m Checking whether app is actually present
&amp#27;[38;5;64m[ADB]&amp#27;[0m Found 1 'build-tools' folders under 'C:\Users\USER\AppData\Local\Android\Sdk' (newest first):
&amp#27;[38;5;64m[ADB]&amp#27;[0m     C:\Users\USER\AppData\Local\Android\Sdk\build-tools\34.0.0
&amp#27;[38;5;64m[ADB]&amp#27;[0m Using 'adb.exe' from 'C:\Users\USER\AppData\Local\Android\Sdk\platform-tools\adb.exe'
[debug] &amp#27;[38;5;64m[ADB]&amp#27;[0m Running 'C:\Users\USER\AppData\Local\Android\Sdk\platform-tools\adb.exe -P 5037 start-server'
&amp#27;[38;5;80m[AndroidDriver]&amp#27;[0m Retrieving device list
[debug] &amp#27;[38;5;64m[ADB]&amp#27;[0m Trying to find connected Android devices
[debug] &amp#27;[38;5;64m[ADB]&amp#27;[0m Getting connected devices
[debug] &amp#27;[38;5;64m[ADB]&amp#27;[0m Connected devices: [{"udid":"emulator-5554","state":"device"}]
&amp#27;[38;5;80m[AndroidDriver]&amp#27;[0m Using device: emulator-5554
&amp#27;[38;5;64m[ADB]&amp#27;[0m Using 'adb.exe' from 'C:\Users\USER\AppData\Local\Android\Sdk\platform-tools\adb.exe'
[debug] &amp#27;[38;5;64m[ADB]&amp#27;[0m Running 'C:\Users\USER\AppData\Local\Android\Sdk\platform-tools\adb.exe -P 5037 start-server'
[debug] &amp#27;[38;5;64m[ADB]&amp#27;[0m Setting device id to emulator-5554
[debug] &amp#27;[38;5;64m[ADB]&amp#27;[0m Running 'C:\Users\USER\AppData\Local\Android\Sdk\platform-tools\adb.exe -P 5037 -s emulator-5554 shell getprop ro.build.version.sdk'
[debug] &amp#27;[38;5;64m[ADB]&amp#27;[0m Current device property 'ro.build.version.sdk': 28
&amp#27;[38;5;64m[ADB]&amp#27;[0m Getting device platform version
[debug] &amp#27;[38;5;64m[ADB]&amp#27;[0m Running 'C:\Users\USER\AppData\Local\Android\Sdk\platform-tools\adb.exe -P 5037 -s emulator-5554 shell getprop ro.build.version.release'
[debug] &amp#27;[38;5;64m[ADB]&amp#27;[0m Current device property 'ro.build.version.release': 9
[debug] &amp#27;[38;5;64m[ADB]&amp#27;[0m Device API level: 28
&amp#27;[38;5;32m[AndroidUiautomator2Driver@f487 (caf0f462)]&amp#27;[0m Relaxing hidden api policy
[debug] &amp#27;[38;5;64m[ADB]&amp#27;[0m Running 'C:\Users\USER\AppData\Local\Android\Sdk\platform-tools\adb.exe -P 5037 -s emulator-5554 shell 'settings put global hidden_api_policy_pre_p_apps 1;settings put global hidden_api_policy_p_apps 1;settings put global hidden_api_policy 1''
[debug] &amp#27;[38;5;80m[AndroidDriver]&amp#27;[0m Parsing package and activity from app manifest
&amp#27;[38;5;64m[ADB]&amp#27;[0m Package name: 'com.example.homelyf'
&amp#27;[38;5;64m[ADB]&amp#27;[0m Main activity name: 'com.example.homelyf.MainActivity'
[debug] &amp#27;[38;5;80m[AndroidDriver]&amp#27;[0m Parsed package and activity are: com.example.homelyf/com.example.homelyf.MainActivity
[debug] &amp#27;[38;5;64m[ADB]&amp#27;[0m Running 'C:\Users\USER\AppData\Local\Android\Sdk\platform-tools\adb.exe -P 5037 -s emulator-5554 wait-for-device'
[debug] &amp#27;[38;5;64m[ADB]&amp#27;[0m Running 'C:\Users\USER\AppData\Local\Android\Sdk\platform-tools\adb.exe -P 5037 -s emulator-5554 shell echo ping'
[debug] &amp#27;[38;5;80m[AndroidDriver]&amp#27;[0m Pushing settings apk to device...
[debug] &amp#27;[38;5;64m[ADB]&amp#27;[0m Getting package info for 'io.appium.settings'
[debug] &amp#27;[38;5;64m[ADB]&amp#27;[0m Running 'C:\Users\USER\AppData\Local\Android\Sdk\platform-tools\adb.exe -P 5037 -s emulator-5554 shell dumpsys package io.appium.settings'
[debug] &amp#27;[38;5;64m[ADB]&amp#27;[0m The version name of the installed 'io.appium.settings' is greater or equal to the application version name ('5.2.0' >= '5.2.0')
[debug] &amp#27;[38;5;64m[ADB]&amp#27;[0m There is no need to install/upgrade 'C:\Users\USER\.appium\node_modules\appium-uiautomator2-driver\node_modules\io.appium.settings\apks\settings_apk-debug.apk'
[debug] &amp#27;[38;5;64m[ADB]&amp#27;[0m Getting IDs of all 'io.appium.settings' processes
[debug] &amp#27;[38;5;64m[ADB]&amp#27;[0m Running 'C:\Users\USER\AppData\Local\Android\Sdk\platform-tools\adb.exe -P 5037 -s emulator-5554 shell 'pgrep --help; echo $?''
[debug] &amp#27;[38;5;64m[ADB]&amp#27;[0m Running 'C:\Users\USER\AppData\Local\Android\Sdk\platform-tools\adb.exe -P 5037 -s emulator-5554 shell pgrep -f \(\[\[:blank:\]\]\|\^\)io\.appium\.settings\(\[\[:blank:\]\]\|\$\)'
[debug] &amp#27;[38;5;80m[AndroidDriver]&amp#27;[0m io.appium.settings is already running. There is no need to reset its permissions.
[debug] &amp#27;[38;5;96m[Logcat]&amp#27;[0m Starting logs capture with command: C:\\Users\\USER\\AppData\\Local\\Android\\Sdk\\platform-tools\\adb.exe -P 5037 -s emulator-5554 logcat -v threadtime
[debug] &amp#27;[38;5;32m[AndroidUiautomator2Driver@f487 (caf0f462)]&amp#27;[0m Forwarding UiAutomator2 Server port 6790 to local port 8201
[debug] &amp#27;[38;5;64m[ADB]&amp#27;[0m Forwarding system: 8201 to device: 6790
[debug] &amp#27;[38;5;64m[ADB]&amp#27;[0m Running 'C:\Users\USER\AppData\Local\Android\Sdk\platform-tools\adb.exe -P 5037 -s emulator-5554 forward tcp:8201 tcp:6790'
[debug] &amp#27;[38;5;64m[ADB]&amp#27;[0m Checking app cert for C:\Users\USER\.appium\node_modules\appium-uiautomator2-driver\node_modules\appium-uiautomator2-server\apks\appium-uiautomator2-server-v5.15.0.apk
[debug] &amp#27;[38;5;64m[ADB]&amp#27;[0m Checking app cert for C:\Users\USER\.appium\node_modules\appium-uiautomator2-driver\node_modules\appium-uiautomator2-server\apks\appium-uiautomator2-server-debug-androidTest.apk
&amp#27;[38;5;64m[ADB]&amp#27;[0m Using 'apksigner.jar' from 'C:\Users\USER\AppData\Local\Android\Sdk\build-tools\34.0.0\lib\apksigner.jar'
[debug] &amp#27;[38;5;64m[ADB]&amp#27;[0m Starting apksigner: 'C:\\Program Files\\Java\\jdk-17\\bin\\java.exe' -Xmx1024M -Xss1m -jar C:\\Users\\USER\\AppData\\Local\\Android\\Sdk\\build-tools\\34.0.0\\lib\\apksigner.jar verify --print-certs C:\\Users\\USER\\.appium\\node_modules\\appium-uiautomator2-driver\\node_modules\\appium-uiautomator2-server\\apks\\appium-uiautomator2-server-debug-androidTest.apk
[debug] &amp#27;[38;5;64m[ADB]&amp#27;[0m Starting apksigner: 'C:\\Program Files\\Java\\jdk-17\\bin\\java.exe' -Xmx1024M -Xss1m -jar C:\\Users\\USER\\AppData\\Local\\Android\\Sdk\\build-tools\\34.0.0\\lib\\apksigner.jar verify --print-certs C:\\Users\\USER\\.appium\\node_modules\\appium-uiautomator2-driver\\node_modules\\appium-uiautomator2-server\\apks\\appium-uiautomator2-server-v5.15.0.apk
[debug] &amp#27;[38;5;64m[ADB]&amp#27;[0m apksigner stdout: Signer #1 certificate DN: EMAILADDRESS=android@android.com, CN=Android, OU=Android, O=Android, L=Mountain View, ST=California, C=US
[debug] &amp#27;[38;5;64m[ADB]&amp#27;[0m Signer #1 certificate SHA-256 digest: a40da80a59d170caa950cf15c18c454d47a39b26989d8b640ecd745ba71bf5dc
[debug] &amp#27;[38;5;64m[ADB]&amp#27;[0m Signer #1 certificate SHA-1 digest: 61ed377e85d386a8dfee6b864bd85b0bfaa5af81
[debug] &amp#27;[38;5;64m[ADB]&amp#27;[0m Signer #1 certificate MD5 digest: e89b158e4bcf988ebd09eb83f5378e87
[debug] &amp#27;[38;5;64m[ADB]&amp#27;[0m 
[debug] &amp#27;[38;5;64m[ADB]&amp#27;[0m sha256 hash did match for 'appium-uiautomator2-server-debug-androidTest.apk'
&amp#27;[38;5;64m[ADB]&amp#27;[0m 'C:\Users\USER\.appium\node_modules\appium-uiautomator2-driver\node_modules\appium-uiautomator2-server\apks\appium-uiautomator2-server-debug-androidTest.apk' is signed with the default certificate
[debug] &amp#27;[38;5;64m[ADB]&amp#27;[0m Getting install status for io.appium.uiautomator2.server.test
[debug] &amp#27;[38;5;64m[ADB]&amp#27;[0m Running 'C:\Users\USER\AppData\Local\Android\Sdk\platform-tools\adb.exe -P 5037 -s emulator-5554 shell pm path io.appium.uiautomator2.server.test'
[debug] &amp#27;[38;5;64m[ADB]&amp#27;[0m 'io.appium.uiautomator2.server.test' is installed
[debug] &amp#27;[38;5;64m[ADB]&amp#27;[0m apksigner stdout: Signer #1 certificate DN: EMAILADDRESS=android@android.com, CN=Android, OU=Android, O=Android, L=Mountain View, ST=California, C=US
[debug] &amp#27;[38;5;64m[ADB]&amp#27;[0m Signer #1 certificate SHA-256 digest: a40da80a59d170caa950cf15c18c454d47a39b26989d8b640ecd745ba71bf5dc
[debug] &amp#27;[38;5;64m[ADB]&amp#27;[0m Signer #1 certificate SHA-1 digest: 61ed377e85d386a8dfee6b864bd85b0bfaa5af81
[debug] &amp#27;[38;5;64m[ADB]&amp#27;[0m Signer #1 certificate MD5 digest: e89b158e4bcf988ebd09eb83f5378e87
[debug] &amp#27;[38;5;64m[ADB]&amp#27;[0m 
[debug] &amp#27;[38;5;64m[ADB]&amp#27;[0m sha256 hash did match for 'appium-uiautomator2-server-v5.15.0.apk'
&amp#27;[38;5;64m[ADB]&amp#27;[0m 'C:\Users\USER\.appium\node_modules\appium-uiautomator2-driver\node_modules\appium-uiautomator2-server\apks\appium-uiautomator2-server-v5.15.0.apk' is signed with the default certificate
[debug] &amp#27;[38;5;64m[ADB]&amp#27;[0m Getting package info for 'io.appium.uiautomator2.server'
[debug] &amp#27;[38;5;64m[ADB]&amp#27;[0m Running 'C:\Users\USER\AppData\Local\Android\Sdk\platform-tools\adb.exe -P 5037 -s emulator-5554 shell dumpsys package io.appium.uiautomator2.server'
[debug] &amp#27;[38;5;64m[ADB]&amp#27;[0m The version name of the installed 'io.appium.uiautomator2.server' is greater or equal to the application version name ('5.15.0' >= '5.15.0')
[debug] &amp#27;[38;5;32m[AndroidUiautomator2Driver@f487 (caf0f462)]&amp#27;[0m Server packages status: [{"wasSigned":true,"installState":"sameVersionInstalled","appPath":"C:\\Users\\USER\\.appium\\node_modules\\appium-uiautomator2-driver\\node_modules\\appium-uiautomator2-server\\apks\\appium-uiautomator2-server-v5.15.0.apk","appId":"io.appium.uiautomator2.server"},{"wasSigned":true,"installState":"sameVersionInstalled","appPath":"C:\\Users\\USER\\.appium\\node_modules\\appium-uiautomator2-driver\\node_modules\\appium-uiautomator2-server\\apks\\appium-uiautomator2-server-debug-androidTest.apk","appId":"io.appium.uiautomator2.server.test"}]
&amp#27;[38;5;32m[AndroidUiautomator2Driver@f487 (caf0f462)]&amp#27;[0m Server packages are not going to be (re)installed
[debug] &amp#27;[38;5;32m[AndroidUiautomator2Driver@f487 (caf0f462)]&amp#27;[0m Waiting up to 30000ms for services to be available
[debug] &amp#27;[38;5;64m[ADB]&amp#27;[0m Running 'C:\Users\USER\AppData\Local\Android\Sdk\platform-tools\adb.exe -P 5037 -s emulator-5554 shell pm list instrumentation'
[debug] &amp#27;[38;5;32m[AndroidUiautomator2Driver@f487 (caf0f462)]&amp#27;[0m Instrumentation target 'io.appium.uiautomator2.server.test/androidx.test.runner.AndroidJUnitRunner' is available
&amp#27;[38;5;64m[ADB]&amp#27;[0m Adding packages ["io.appium.settings","io.appium.uiautomator2.server","io.appium.uiautomator2.server.test"] to Doze whitelist
[debug] &amp#27;[38;5;64m[ADB]&amp#27;[0m Got the following command chunks to execute: [["dumpsys","deviceidle","whitelist","+io.appium.settings",";","dumpsys","deviceidle","whitelist","+io.appium.uiautomator2.server",";","dumpsys","deviceidle","whitelist","+io.appium.uiautomator2.server.test",";"]]
[debug] &amp#27;[38;5;64m[ADB]&amp#27;[0m Running 'C:\Users\USER\AppData\Local\Android\Sdk\platform-tools\adb.exe -P 5037 -s emulator-5554 shell dumpsys deviceidle whitelist +io.appium.settings ; dumpsys deviceidle whitelist +io.appium.uiautomator2.server ; dumpsys deviceidle whitelist +io.appium.uiautomator2.server.test ;'
[debug] &amp#27;[38;5;64m[ADB]&amp#27;[0m Checking app cert for D:\Automation_Framework Homelyf\HomeLyf_serivce_New\src\test\resources\apk\app1.apk
[debug] &amp#27;[38;5;64m[ADB]&amp#27;[0m Starting apksigner: 'C:\\Program Files\\Java\\jdk-17\\bin\\java.exe' -Xmx1024M -Xss1m -jar C:\\Users\\USER\\AppData\\Local\\Android\\Sdk\\build-tools\\34.0.0\\lib\\apksigner.jar verify --print-certs 'D:\\Automation_Framework Homelyf\\HomeLyf_serivce_New\\src\\test\\resources\\apk\\app1.apk'
[debug] &amp#27;[38;5;64m[ADB]&amp#27;[0m apksigner stdout: Signer #1 certificate DN: C=US, O=Android, CN=Android Debug
[debug] &amp#27;[38;5;64m[ADB]&amp#27;[0m Signer #1 certificate SHA-256 digest: ed53170bd689fc049234411cd03e3c40c17737fe05b05d3c53da57fa299719bb
[debug] &amp#27;[38;5;64m[ADB]&amp#27;[0m Signer #1 certificate SHA-1 digest: 53c250bb401a359685c8091ef650c4877628fb77
[debug] &amp#27;[38;5;64m[ADB]&amp#27;[0m Signer #1 certificate MD5 digest: a413378057425633c5fc0e717df3a192
[debug] &amp#27;[38;5;64m[ADB]&amp#27;[0m 
&amp#27;[38;5;64m[ADB]&amp#27;[0m 'D:\Automation_Framework Homelyf\HomeLyf_serivce_New\src\test\resources\apk\app1.apk' is signed with a non-default certificate
[debug] &amp#27;[38;5;64m[ADB]&amp#27;[0m Getting package info for 'com.example.homelyf'
[debug] &amp#27;[38;5;64m[ADB]&amp#27;[0m Running 'C:\Users\USER\AppData\Local\Android\Sdk\platform-tools\adb.exe -P 5037 -s emulator-5554 shell dumpsys package com.example.homelyf'
[debug] &amp#27;[38;5;64m[ADB]&amp#27;[0m The version name of the installed 'com.example.homelyf' is greater or equal to the application version name ('1.0.0' >= '1.0.0')
[debug] &amp#27;[38;5;64m[ADB]&amp#27;[0m There is no need to install/upgrade 'D:\Automation_Framework Homelyf\HomeLyf_serivce_New\src\test\resources\apk\app1.apk'
&amp#27;[38;5;80m[AndroidDriver]&amp#27;[0m Performing fast reset on 'com.example.homelyf'
[debug] &amp#27;[38;5;64m[ADB]&amp#27;[0m Getting install status for com.example.homelyf
[debug] &amp#27;[38;5;64m[ADB]&amp#27;[0m Running 'C:\Users\USER\AppData\Local\Android\Sdk\platform-tools\adb.exe -P 5037 -s emulator-5554 shell pm path com.example.homelyf'
[debug] &amp#27;[38;5;64m[ADB]&amp#27;[0m 'com.example.homelyf' is installed
[debug] &amp#27;[38;5;64m[ADB]&amp#27;[0m Running 'C:\Users\USER\AppData\Local\Android\Sdk\platform-tools\adb.exe -P 5037 -s emulator-5554 shell am force-stop com.example.homelyf'
[debug] &amp#27;[38;5;64m[ADB]&amp#27;[0m Running 'C:\Users\USER\AppData\Local\Android\Sdk\platform-tools\adb.exe -P 5037 -s emulator-5554 shell pm clear com.example.homelyf'
[debug] &amp#27;[38;5;80m[AndroidDriver]&amp#27;[0m Performed fast reset on the installed 'com.example.homelyf' application (stop and clear)
[debug] &amp#27;[38;5;32m[AndroidUiautomator2Driver@f487 (caf0f462)]&amp#27;[0m Performing shallow cleanup of automation leftovers
[debug] &amp#27;[38;5;32m[AndroidUiautomator2Driver@f487 (caf0f462)]&amp#27;[0m The following obsolete sessions are still running: ["b22199a0-8af1-4e90-ba3e-e6c7f1562acd"]
[debug] &amp#27;[38;5;32m[AndroidUiautomator2Driver@f487 (caf0f462)]&amp#27;[0m Cleaning up 1 obsolete session
[debug] &amp#27;[38;5;64m[ADB]&amp#27;[0m Running 'C:\Users\USER\AppData\Local\Android\Sdk\platform-tools\adb.exe -P 5037 -s emulator-5554 shell am force-stop io.appium.uiautomator2.server.test'
&amp#27;[38;5;32m[AndroidUiautomator2Driver@f487 (caf0f462)]&amp#27;[0m Starting UIAutomator2 server 5.15.0
&amp#27;[38;5;32m[AndroidUiautomator2Driver@f487 (caf0f462)]&amp#27;[0m Using UIAutomator2 server from 'C:\Users\USER\.appium\node_modules\appium-uiautomator2-driver\node_modules\appium-uiautomator2-server\apks\appium-uiautomator2-server-v5.15.0.apk' and test from 'C:\Users\USER\.appium\node_modules\appium-uiautomator2-driver\node_modules\appium-uiautomator2-server\apks\appium-uiautomator2-server-debug-androidTest.apk'
&amp#27;[38;5;32m[AndroidUiautomator2Driver@f487 (caf0f462)]&amp#27;[0m Waiting up to 30000ms for UiAutomator2 to be online...
[debug] &amp#27;[38;5;64m[ADB]&amp#27;[0m Creating ADB subprocess with args: ["-P","5037","-s","emulator-5554","shell","am","instrument","-w","-e","disableAnalytics","true","io.appium.uiautomator2.server.test/androidx.test.runner.AndroidJUnitRunner"]
[debug] &amp#27;[38;5;32m[AndroidUiautomator2Driver@f487 (caf0f462)]&amp#27;[0m Matched '/status' to command name 'getStatus'
[debug] &amp#27;[38;5;32m[AndroidUiautomator2Driver@f487 (caf0f462)]&amp#27;[0m Proxying [GET /status] to [GET http://127.0.0.1:8201/status] with no body
&amp#27;[38;5;32m[AndroidUiautomator2Driver@f487 (caf0f462)]&amp#27;[0m socket hang up
[debug] &amp#27;[38;5;32m[AndroidUiautomator2Driver@f487 (caf0f462)]&amp#27;[0m Matched '/status' to command name 'getStatus'
[debug] &amp#27;[38;5;32m[AndroidUiautomator2Driver@f487 (caf0f462)]&amp#27;[0m Proxying [GET /status] to [GET http://127.0.0.1:8201/status] with no body
&amp#27;[38;5;32m[AndroidUiautomator2Driver@f487 (caf0f462)]&amp#27;[0m socket hang up
[debug] &amp#27;[38;5;112m[Instrumentation]&amp#27;[0m io.appium.uiautomator2.server.test.AppiumUiAutomator2Server:
[debug] &amp#27;[38;5;32m[AndroidUiautomator2Driver@f487 (caf0f462)]&amp#27;[0m Matched '/status' to command name 'getStatus'
[debug] &amp#27;[38;5;32m[AndroidUiautomator2Driver@f487 (caf0f462)]&amp#27;[0m Proxying [GET /status] to [GET http://127.0.0.1:8201/status] with no body
&amp#27;[38;5;32m[AndroidUiautomator2Driver@f487 (caf0f462)]&amp#27;[0m socket hang up
[debug] &amp#27;[38;5;32m[AndroidUiautomator2Driver@f487 (caf0f462)]&amp#27;[0m Matched '/status' to command name 'getStatus'
[debug] &amp#27;[38;5;32m[AndroidUiautomator2Driver@f487 (caf0f462)]&amp#27;[0m Proxying [GET /status] to [GET http://127.0.0.1:8201/status] with no body
[debug] &amp#27;[38;5;32m[AndroidUiautomator2Driver@f487 (caf0f462)]&amp#27;[0m Got response with status 200: {"sessionId":"None","value":{"message":"UiAutomator2 Server is ready to accept commands","ready":true}}
[debug] &amp#27;[38;5;32m[AndroidUiautomator2Driver@f487 (caf0f462)]&amp#27;[0m The initialization of the instrumentation process took 3253ms
[debug] &amp#27;[38;5;32m[AndroidUiautomator2Driver@f487 (caf0f462)]&amp#27;[0m Matched '/session' to command name 'createSession'
[debug] &amp#27;[38;5;32m[AndroidUiautomator2Driver@f487 (caf0f462)]&amp#27;[0m Proxying [POST /session] to [POST http://127.0.0.1:8201/session] with body: {"capabilities":{"firstMatch":[{"platformName":"ANDROID","app":"D:\\Automation_Framework Homelyf\\HomeLyf_serivce_New\\src\\test\\resources\\apk\\app1.apk","automationName":"UIAutomator2","deviceName":"emulator-5554","platform":"LINUX","webStorageEnabled":false,"takesScreenshot":true,"javascriptEnabled":true,"databaseEnabled":false,"networkConnectionEnabled":true,"locationContextEnabled":false,"warnings":{},"desired":{"platformName":"ANDROID","app":"D:\\Automation_Framework Homelyf\\HomeLyf_serivce_New\\src\\test\\resources\\apk\\app1.apk","automationName":"UIAutomator2","deviceName":"Pixel_6a_API_28"},"deviceUDID":"emulator-5554","appPackage":"com.example.homelyf"}],"alwaysMatch":{}}}
[debug] &amp#27;[38;5;32m[AndroidUiautomator2Driver@f487 (caf0f462)]&amp#27;[0m Got response with status 200: {"sessionId":"e809f3a7-de2d-4b7b-99ef-d58bf3d34096","value":{"capabilities":{"firstMatch":[{"platformName":"ANDROID","app":"D:\\Automation_Framework Homelyf\\HomeLyf_serivce_New\\src\\test\\resources\\apk\\app1.apk","automationName":"UIAutomator2","deviceName":"emulator-5554","platform":"LINUX","webStorageEnabled":false,"takesScreenshot":true,"javascriptEnabled":true,"databaseEnabled":false,"networkConnectionEnabled":true,"locationContextEnabled":false,"warnings":{},"desired":{"platformName":"ANDROID","app":"D:\\Automation_Framework Homelyf\\HomeLyf_serivce_New\\src\\test\\resources\\apk\\app1.apk","automationName":"UIAutomator2","deviceName":"Pixel_6a_API_28"},"deviceUDID":"emulator-5554","appPackage":"com.example.homelyf"}],"alwaysMatch":{}},"sessionId":"e809f3a7-de2d-4b7b-99ef-d58bf3d34096"}}
&amp#27;[38;5;32m[AndroidUiautomator2Driver@f487 (caf0f462)]&amp#27;[0m Determined the downstream protocol as 'W3C'
[debug] &amp#27;[38;5;32m[AndroidUiautomator2Driver@f487 (caf0f462)]&amp#27;[0m Proxying [GET /appium/device/pixel_ratio] to [GET http://127.0.0.1:8201/session/e809f3a7-de2d-4b7b-99ef-d58bf3d34096/appium/device/pixel_ratio] with no body
[debug] &amp#27;[38;5;32m[AndroidUiautomator2Driver@f487 (caf0f462)]&amp#27;[0m Matched '/appium/device/system_bars' to command name 'getSystemBars'
[debug] &amp#27;[38;5;32m[AndroidUiautomator2Driver@f487 (caf0f462)]&amp#27;[0m Proxying [GET /appium/device/system_bars] to [GET http://127.0.0.1:8201/session/e809f3a7-de2d-4b7b-99ef-d58bf3d34096/appium/device/system_bars] with no body
[debug] &amp#27;[38;5;32m[AndroidUiautomator2Driver@f487 (caf0f462)]&amp#27;[0m Matched '/window/current/size' to command name 'getWindowSize'
[debug] &amp#27;[38;5;32m[AndroidUiautomator2Driver@f487 (caf0f462)]&amp#27;[0m Proxying [GET /window/current/size] to [GET http://127.0.0.1:8201/session/e809f3a7-de2d-4b7b-99ef-d58bf3d34096/window/current/size] with no body
[debug] &amp#27;[38;5;32m[AndroidUiautomator2Driver@f487 (caf0f462)]&amp#27;[0m Proxying [GET /appium/device/info] to [GET http://127.0.0.1:8201/session/e809f3a7-de2d-4b7b-99ef-d58bf3d34096/appium/device/info] with no body
[debug] &amp#27;[38;5;64m[ADB]&amp#27;[0m Running 'C:\Users\USER\AppData\Local\Android\Sdk\platform-tools\adb.exe -P 5037 -s emulator-5554 shell dumpsys window'
[debug] &amp#27;[38;5;32m[AndroidUiautomator2Driver@f487 (caf0f462)]&amp#27;[0m Got response with status 200: {"sessionId":"e809f3a7-de2d-4b7b-99ef-d58bf3d34096","value":2.625}
[debug] &amp#27;[38;5;32m[AndroidUiautomator2Driver@f487 (caf0f462)]&amp#27;[0m Got response with status 200: {"sessionId":"e809f3a7-de2d-4b7b-99ef-d58bf3d34096","value":{"statusBar":63}}
[debug] &amp#27;[38;5;32m[AndroidUiautomator2Driver@f487 (caf0f462)]&amp#27;[0m Got response with status 200: {"sessionId":"e809f3a7-de2d-4b7b-99ef-d58bf3d34096","value":{"height":2274,"width":1080}}
[debug] &amp#27;[38;5;32m[AndroidUiautomator2Driver@f487 (caf0f462)]&amp#27;[0m Got response with status 200: {"sessionId":"e809f3a7-de2d-4b7b-99ef-d58bf3d34096","value":{"androidId":"5cf4ed51b023b6b5","apiVersion":"28","bluetooth":null,"brand":"google","carrierName":"Android","displayDensity":420,"locale":"en_US","manufacturer":"Google","model":"Android SDK built for x86_64","networks":[{"capabilities":{"SSID":null,"linkDownBandwidthKbps":1048576,"linkUpstreamBandwidthKbps":1048576,"networkCapabilities":"NET_CAPABILITY_NOT_METERED,NET_CAPABILITY_INTERNET,NET_CAPABILITY_NOT_RESTRICTED,NET_CAPABILITY_TRUSTED,NET_CAPABILITY_NOT_VPN,NET_CAPABILITY_VALIDATED,NET_CAPABILITY_NOT_ROAMING,NET_CAPABILITY_FOREGROUND,NET_CAPABILITY_NOT_CONGESTED,NET_CAPABILITY_NOT_SUSPENDED","signalStrength":-50,"transportTypes":"TRANSPORT_WIFI"},"detailedState":"CONNECTED","extraInfo":null,"isAvailable":true,"isConnected":true,"isFailover":false,"isRoaming":false,"state":"CONNECTED","subtype":0,"subtypeName":"","type":1,"typeName":"WIFI"},{"capabilities":{"SSID":null,"linkDownBandwidthKbps":102400,"linkUpstreamBandwidthKbps":51200,"networkC...
&amp#27;[38;5;80m[AndroidDriver]&amp#27;[0m Screen already unlocked, doing nothing
&amp#27;[38;5;32m[AndroidUiautomator2Driver@f487 (caf0f462)]&amp#27;[0m Starting 'com.example.homelyf/com.example.homelyf.MainActivity and waiting for 'com.example.homelyf/com.example.homelyf.MainActivity'
[debug] &amp#27;[38;5;64m[ADB]&amp#27;[0m Running 'C:\Users\USER\AppData\Local\Android\Sdk\platform-tools\adb.exe -P 5037 -s emulator-5554 shell am start -W -n com.example.homelyf/com.example.homelyf.MainActivity -S -a android.intent.action.MAIN -c android.intent.category.LAUNCHER -f 0x10200000'
[debug] &amp#27;[38;5;64m[ADB]&amp#27;[0m Waiting up to 20000ms for activity matching pkg: 'com.example.homelyf' and activity: 'com.example.homelyf.MainActivity' to be focused
[debug] &amp#27;[38;5;64m[ADB]&amp#27;[0m Possible activities, to be checked: 'com.example.homelyf.MainActivity', 'com.example.homelyf.com.example.homelyf.MainActivity'
[debug] &amp#27;[38;5;64m[ADB]&amp#27;[0m Getting focused package and activity
[debug] &amp#27;[38;5;64m[ADB]&amp#27;[0m Running 'C:\Users\USER\AppData\Local\Android\Sdk\platform-tools\adb.exe -P 5037 -s emulator-5554 shell dumpsys window windows'
[debug] &amp#27;[38;5;64m[ADB]&amp#27;[0m Found package: 'com.example.homelyf' and fully qualified activity name : 'com.example.homelyf.MainActivity'
&amp#27;[38;5;16m[AppiumDriver@8c0e]&amp#27;[0m New AndroidUiautomator2Driver session created successfully, session caf0f462-7df9-4e23-8625-6505db1f224c added to master session list
[debug] &amp#27;[38;5;16m[AppiumDriver@8c0e]&amp#27;[0m Event 'newSessionStarted' logged at 1704004215052 (12:00:15 GMT+0530 (India Standard Time))
[debug] &amp#27;[38;5;32m[AndroidUiautomator2Driver@f487 (caf0f462)]&amp#27;[0m Cached the protocol value 'W3C' for the new session caf0f462-7df9-4e23-8625-6505db1f224c
[debug] &amp#27;[38;5;32m[AndroidUiautomator2Driver@f487 (caf0f462)]&amp#27;[0m Responding to client with driver.createSession() result: {"capabilities":{"platformName":"ANDROID","app":"D:\\Automation_Framework Homelyf\\HomeLyf_serivce_New\\src\\test\\resources\\apk\\app1.apk","automationName":"UIAutomator2","deviceName":"emulator-5554","platform":"LINUX","webStorageEnabled":false,"takesScreenshot":true,"javascriptEnabled":true,"databaseEnabled":false,"networkConnectionEnabled":true,"locationContextEnabled":false,"warnings":{},"desired":{"platformName":"ANDROID","app":"D:\\Automation_Framework Homelyf\\HomeLyf_serivce_New\\src\\test\\resources\\apk\\app1.apk","automationName":"UIAutomator2","deviceName":"Pixel_6a_API_28"},"deviceUDID":"emulator-5554","appPackage":"com.example.homelyf","pixelRatio":"2.625","statBarHeight":63,"viewportRect":{"left":0,"top":63,"width":1080,"height":2211},"deviceApiLevel":28,"platformVersion":"9","deviceManufacturer":"Google","deviceModel":"Android SDK built for x86_64","deviceScreenSize":"1080x2400","deviceScreenDensity":420}}
&amp#27;[38;5;0m[HTTP]&amp#27;[0m &amp#27;[37m<-- POST /session &amp#27;[39m&amp#27;[32m200&amp#27;[39m &amp#27;[90m16169 ms - 997&amp#27;[39m
&amp#27;[38;5;0m[HTTP]&amp#27;[0m &amp#27;[90m&amp#27;[39m
&amp#27;[38;5;0m[HTTP]&amp#27;[0m &amp#27;[37m-->&amp#27;[39m &amp#27;[37mPOST&amp#27;[39m &amp#27;[37m/session/caf0f462-7df9-4e23-8625-6505db1f224c/timeouts&amp#27;[39m
&amp#27;[38;5;0m[HTTP]&amp#27;[0m &amp#27;[90m{"implicit":10000}&amp#27;[39m
[debug] &amp#27;[38;5;32m[AndroidUiautomator2Driver@f487 (caf0f462)]&amp#27;[0m Calling AppiumDriver.timeouts() with args: [null,null,null,null,10000,"caf0f462-7df9-4e23-8625-6505db1f224c"]
[debug] &amp#27;[38;5;32m[AndroidUiautomator2Driver@f487 (caf0f462)]&amp#27;[0m W3C timeout argument: {"implicit":10000}}
[debug] &amp#27;[38;5;32m[AndroidUiautomator2Driver@f487 (caf0f462)]&amp#27;[0m Set implicit wait to 10000ms
[debug] &amp#27;[38;5;32m[AndroidUiautomator2Driver@f487 (caf0f462)]&amp#27;[0m Responding to client with driver.timeouts() result: null
&amp#27;[38;5;0m[HTTP]&amp#27;[0m &amp#27;[37m<-- POST /session/caf0f462-7df9-4e23-8625-6505db1f224c/timeouts &amp#27;[39m&amp#27;[32m200&amp#27;[39m &amp#27;[90m6 ms - 14&amp#27;[39m
&amp#27;[38;5;0m[HTTP]&amp#27;[0m &amp#27;[90m&amp#27;[39m
Starting the screenshot method!
This is a test scenario: onTestStartvalidverifytest
&amp#27;[38;5;0m[HTTP]&amp#27;[0m &amp#27;[37m-->&amp#27;[39m &amp#27;[37mGET&amp#27;[39m &amp#27;[37m/session/caf0f462-7df9-4e23-8625-6505db1f224c/context&amp#27;[39m
&amp#27;[38;5;0m[HTTP]&amp#27;[0m &amp#27;[90m{}&amp#27;[39m
[debug] &amp#27;[38;5;32m[AndroidUiautomator2Driver@f487 (caf0f462)]&amp#27;[0m Calling AppiumDriver.getCurrentContext() with args: ["caf0f462-7df9-4e23-8625-6505db1f224c"]
[debug] &amp#27;[38;5;32m[AndroidUiautomator2Driver@f487 (caf0f462)]&amp#27;[0m Responding to client with driver.getCurrentContext() result: "NATIVE_APP"
&amp#27;[38;5;0m[HTTP]&amp#27;[0m &amp#27;[37m<-- GET /session/caf0f462-7df9-4e23-8625-6505db1f224c/context &amp#27;[39m&amp#27;[32m200&amp#27;[39m &amp#27;[90m11 ms - 22&amp#27;[39m
&amp#27;[38;5;0m[HTTP]&amp#27;[0m &amp#27;[90m&amp#27;[39m
&amp#27;[38;5;0m[HTTP]&amp#27;[0m &amp#27;[37m-->&amp#27;[39m &amp#27;[37mPOST&amp#27;[39m &amp#27;[37m/session/caf0f462-7df9-4e23-8625-6505db1f224c/element&amp#27;[39m
&amp#27;[38;5;0m[HTTP]&amp#27;[0m &amp#27;[90m{"using":"accessibility id","value":"Register"}&amp#27;[39m
[debug] &amp#27;[38;5;32m[AndroidUiautomator2Driver@f487 (caf0f462)]&amp#27;[0m Calling AppiumDriver.findElement() with args: ["accessibility id","Register","caf0f462-7df9-4e23-8625-6505db1f224c"]
[debug] &amp#27;[38;5;32m[AndroidUiautomator2Driver@f487 (caf0f462)]&amp#27;[0m Valid locator strategies for this request: xpath, id, class name, accessibility id, css selector, -android uiautomator
[debug] &amp#27;[38;5;32m[AndroidUiautomator2Driver@f487 (caf0f462)]&amp#27;[0m Waiting up to 10000 ms for condition
[debug] &amp#27;[38;5;32m[AndroidUiautomator2Driver@f487 (caf0f462)]&amp#27;[0m Matched '/element' to command name 'findElement'
[debug] &amp#27;[38;5;32m[AndroidUiautomator2Driver@f487 (caf0f462)]&amp#27;[0m Proxying [POST /element] to [POST http://127.0.0.1:8201/session/e809f3a7-de2d-4b7b-99ef-d58bf3d34096/element] with body: {"strategy":"accessibility id","selector":"Register","context":"","multiple":false}
[debug] &amp#27;[38;5;32m[AndroidUiautomator2Driver@f487 (caf0f462)]&amp#27;[0m Got response with status 200: {"sessionId":"e809f3a7-de2d-4b7b-99ef-d58bf3d34096","value":{"ELEMENT":"00000000-0000-0092-0000-000a00000000","element-6066-11e4-a52e-4f735466cecf":"00000000-0000-0092-0000-000a00000000"}}
[debug] &amp#27;[38;5;32m[AndroidUiautomator2Driver@f487 (caf0f462)]&amp#27;[0m Responding to client with driver.findElement() result: {"element-6066-11e4-a52e-4f735466cecf":"00000000-0000-0092-0000-000a00000000","ELEMENT":"00000000-0000-0092-0000-000a00000000"}
&amp#27;[38;5;0m[HTTP]&amp#27;[0m &amp#27;[37m<-- POST /session/caf0f462-7df9-4e23-8625-6505db1f224c/element &amp#27;[39m&amp#27;[32m200&amp#27;[39m &amp#27;[90m144 ms - 137&amp#27;[39m
&amp#27;[38;5;0m[HTTP]&amp#27;[0m &amp#27;[90m&amp#27;[39m
&amp#27;[38;5;0m[HTTP]&amp#27;[0m &amp#27;[37m-->&amp#27;[39m &amp#27;[37mPOST&amp#27;[39m &amp#27;[37m/session/caf0f462-7df9-4e23-8625-6505db1f224c/element/00000000-0000-0092-0000-000a00000000/click&amp#27;[39m
&amp#27;[38;5;0m[HTTP]&amp#27;[0m &amp#27;[90m{"id":"00000000-0000-0092-0000-000a00000000"}&amp#27;[39m
[debug] &amp#27;[38;5;32m[AndroidUiautomator2Driver@f487 (caf0f462)]&amp#27;[0m Calling AppiumDriver.click() with args: ["00000000-0000-0092-0000-000a00000000","caf0f462-7df9-4e23-8625-6505db1f224c"]
[debug] &amp#27;[38;5;32m[AndroidUiautomator2Driver@f487 (caf0f462)]&amp#27;[0m Matched '/element/00000000-0000-0092-0000-000a00000000/click' to command name 'click'
[debug] &amp#27;[38;5;32m[AndroidUiautomator2Driver@f487 (caf0f462)]&amp#27;[0m Proxying [POST /element/00000000-0000-0092-0000-000a00000000/click] to [POST http://127.0.0.1:8201/session/e809f3a7-de2d-4b7b-99ef-d58bf3d34096/element/00000000-0000-0092-0000-000a00000000/click] with body: {"element":"00000000-0000-0092-0000-000a00000000"}
[debug] &amp#27;[38;5;32m[AndroidUiautomator2Driver@f487 (caf0f462)]&amp#27;[0m Got response with status 200: {"sessionId":"e809f3a7-de2d-4b7b-99ef-d58bf3d34096","value":null}
[debug] &amp#27;[38;5;32m[AndroidUiautomator2Driver@f487 (caf0f462)]&amp#27;[0m Responding to client with driver.click() result: null
&amp#27;[38;5;0m[HTTP]&amp#27;[0m &amp#27;[37m<-- POST /session/caf0f462-7df9-4e23-8625-6505db1f224c/element/00000000-0000-0092-0000-000a00000000/click &amp#27;[39m&amp#27;[32m200&amp#27;[39m &amp#27;[90m636 ms - 14&amp#27;[39m
&amp#27;[38;5;0m[HTTP]&amp#27;[0m &amp#27;[90m&amp#27;[39m
&amp#27;[38;5;0m[HTTP]&amp#27;[0m &amp#27;[37m-->&amp#27;[39m &amp#27;[37mGET&amp#27;[39m &amp#27;[37m/session/caf0f462-7df9-4e23-8625-6505db1f224c/context&amp#27;[39m
&amp#27;[38;5;0m[HTTP]&amp#27;[0m &amp#27;[90m{}&amp#27;[39m
[debug] &amp#27;[38;5;32m[AndroidUiautomator2Driver@f487 (caf0f462)]&amp#27;[0m Calling AppiumDriver.getCurrentContext() with args: ["caf0f462-7df9-4e23-8625-6505db1f224c"]
[debug] &amp#27;[38;5;32m[AndroidUiautomator2Driver@f487 (caf0f462)]&amp#27;[0m Responding to client with driver.getCurrentContext() result: "NATIVE_APP"
&amp#27;[38;5;0m[HTTP]&amp#27;[0m &amp#27;[37m<-- GET /session/caf0f462-7df9-4e23-8625-6505db1f224c/context &amp#27;[39m&amp#27;[32m200&amp#27;[39m &amp#27;[90m7 ms - 22&amp#27;[39m
&amp#27;[38;5;0m[HTTP]&amp#27;[0m &amp#27;[90m&amp#27;[39m
&amp#27;[38;5;0m[HTTP]&amp#27;[0m &amp#27;[37m-->&amp#27;[39m &amp#27;[37mPOST&amp#27;[39m &amp#27;[37m/session/caf0f462-7df9-4e23-8625-6505db1f224c/element&amp#27;[39m
&amp#27;[38;5;0m[HTTP]&amp#27;[0m &amp#27;[90m{"using":"xpath","value":"(//android.widget.EditText)[1]"}&amp#27;[39m
[debug] &amp#27;[38;5;32m[AndroidUiautomator2Driver@f487 (caf0f462)]&amp#27;[0m Calling AppiumDriver.findElement() with args: ["xpath","(//android.widget.EditText)[1]","caf0f462-7df9-4e23-8625-6505db1f224c"]
[debug] &amp#27;[38;5;32m[AndroidUiautomator2Driver@f487 (caf0f462)]&amp#27;[0m Valid locator strategies for this request: xpath, id, class name, accessibility id, css selector, -android uiautomator
[debug] &amp#27;[38;5;32m[AndroidUiautomator2Driver@f487 (caf0f462)]&amp#27;[0m Waiting up to 10000 ms for condition
[debug] &amp#27;[38;5;32m[AndroidUiautomator2Driver@f487 (caf0f462)]&amp#27;[0m Matched '/element' to command name 'findElement'
[debug] &amp#27;[38;5;32m[AndroidUiautomator2Driver@f487 (caf0f462)]&amp#27;[0m Proxying [POST /element] to [POST http://127.0.0.1:8201/session/e809f3a7-de2d-4b7b-99ef-d58bf3d34096/element] with body: {"strategy":"xpath","selector":"(//android.widget.EditText)[1]","context":"","multiple":false}
[debug] &amp#27;[38;5;32m[AndroidUiautomator2Driver@f487 (caf0f462)]&amp#27;[0m Got response with status 200: {"sessionId":"e809f3a7-de2d-4b7b-99ef-d58bf3d34096","value":{"ELEMENT":"00000000-0000-0092-0000-001100000000","element-6066-11e4-a52e-4f735466cecf":"00000000-0000-0092-0000-001100000000"}}
[debug] &amp#27;[38;5;32m[AndroidUiautomator2Driver@f487 (caf0f462)]&amp#27;[0m Responding to client with driver.findElement() result: {"element-6066-11e4-a52e-4f735466cecf":"00000000-0000-0092-0000-001100000000","ELEMENT":"00000000-0000-0092-0000-001100000000"}
&amp#27;[38;5;0m[HTTP]&amp#27;[0m &amp#27;[37m<-- POST /session/caf0f462-7df9-4e23-8625-6505db1f224c/element &amp#27;[39m&amp#27;[32m200&amp#27;[39m &amp#27;[90m1148 ms - 137&amp#27;[39m
&amp#27;[38;5;0m[HTTP]&amp#27;[0m &amp#27;[90m&amp#27;[39m
&amp#27;[38;5;0m[HTTP]&amp#27;[0m &amp#27;[37m-->&amp#27;[39m &amp#27;[37mPOST&amp#27;[39m &amp#27;[37m/session/caf0f462-7df9-4e23-8625-6505db1f224c/element/00000000-0000-0092-0000-001100000000/click&amp#27;[39m
&amp#27;[38;5;0m[HTTP]&amp#27;[0m &amp#27;[90m{"id":"00000000-0000-0092-0000-001100000000"}&amp#27;[39m
[debug] &amp#27;[38;5;32m[AndroidUiautomator2Driver@f487 (caf0f462)]&amp#27;[0m Calling AppiumDriver.click() with args: ["00000000-0000-0092-0000-001100000000","caf0f462-7df9-4e23-8625-6505db1f224c"]
[debug] &amp#27;[38;5;32m[AndroidUiautomator2Driver@f487 (caf0f462)]&amp#27;[0m Matched '/element/00000000-0000-0092-0000-001100000000/click' to command name 'click'
[debug] &amp#27;[38;5;32m[AndroidUiautomator2Driver@f487 (caf0f462)]&amp#27;[0m Proxying [POST /element/00000000-0000-0092-0000-001100000000/click] to [POST http://127.0.0.1:8201/session/e809f3a7-de2d-4b7b-99ef-d58bf3d34096/element/00000000-0000-0092-0000-001100000000/click] with body: {"element":"00000000-0000-0092-0000-001100000000"}
[debug] &amp#27;[38;5;32m[AndroidUiautomator2Driver@f487 (caf0f462)]&amp#27;[0m Got response with status 200: {"sessionId":"e809f3a7-de2d-4b7b-99ef-d58bf3d34096","value":null}
[debug] &amp#27;[38;5;32m[AndroidUiautomator2Driver@f487 (caf0f462)]&amp#27;[0m Responding to client with driver.click() result: null
&amp#27;[38;5;0m[HTTP]&amp#27;[0m &amp#27;[37m<-- POST /session/caf0f462-7df9-4e23-8625-6505db1f224c/element/00000000-0000-0092-0000-001100000000/click &amp#27;[39m&amp#27;[32m200&amp#27;[39m &amp#27;[90m57 ms - 14&amp#27;[39m
&amp#27;[38;5;0m[HTTP]&amp#27;[0m &amp#27;[90m&amp#27;[39m
&amp#27;[38;5;0m[HTTP]&amp#27;[0m &amp#27;[37m-->&amp#27;[39m &amp#27;[37mGET&amp#27;[39m &amp#27;[37m/session/caf0f462-7df9-4e23-8625-6505db1f224c/context&amp#27;[39m
&amp#27;[38;5;0m[HTTP]&amp#27;[0m &amp#27;[90m{}&amp#27;[39m
[debug] &amp#27;[38;5;32m[AndroidUiautomator2Driver@f487 (caf0f462)]&amp#27;[0m Calling AppiumDriver.getCurrentContext() with args: ["caf0f462-7df9-4e23-8625-6505db1f224c"]
[debug] &amp#27;[38;5;32m[AndroidUiautomator2Driver@f487 (caf0f462)]&amp#27;[0m Responding to client with driver.getCurrentContext() result: "NATIVE_APP"
&amp#27;[38;5;0m[HTTP]&amp#27;[0m &amp#27;[37m<-- GET /session/caf0f462-7df9-4e23-8625-6505db1f224c/context &amp#27;[39m&amp#27;[32m200&amp#27;[39m &amp#27;[90m3 ms - 22&amp#27;[39m
&amp#27;[38;5;0m[HTTP]&amp#27;[0m &amp#27;[90m&amp#27;[39m
&amp#27;[38;5;0m[HTTP]&amp#27;[0m &amp#27;[37m-->&amp#27;[39m &amp#27;[37mPOST&amp#27;[39m &amp#27;[37m/session/caf0f462-7df9-4e23-8625-6505db1f224c/element&amp#27;[39m
&amp#27;[38;5;0m[HTTP]&amp#27;[0m &amp#27;[90m{"using":"xpath","value":"(//android.widget.EditText)[1]"}&amp#27;[39m
[debug] &amp#27;[38;5;32m[AndroidUiautomator2Driver@f487 (caf0f462)]&amp#27;[0m Calling AppiumDriver.findElement() with args: ["xpath","(//android.widget.EditText)[1]","caf0f462-7df9-4e23-8625-6505db1f224c"]
[debug] &amp#27;[38;5;32m[AndroidUiautomator2Driver@f487 (caf0f462)]&amp#27;[0m Valid locator strategies for this request: xpath, id, class name, accessibility id, css selector, -android uiautomator
[debug] &amp#27;[38;5;32m[AndroidUiautomator2Driver@f487 (caf0f462)]&amp#27;[0m Waiting up to 10000 ms for condition
[debug] &amp#27;[38;5;32m[AndroidUiautomator2Driver@f487 (caf0f462)]&amp#27;[0m Matched '/element' to command name 'findElement'
[debug] &amp#27;[38;5;32m[AndroidUiautomator2Driver@f487 (caf0f462)]&amp#27;[0m Proxying [POST /element] to [POST http://127.0.0.1:8201/session/e809f3a7-de2d-4b7b-99ef-d58bf3d34096/element] with body: {"strategy":"xpath","selector":"(//android.widget.EditText)[1]","context":"","multiple":false}
[debug] &amp#27;[38;5;32m[AndroidUiautomator2Driver@f487 (caf0f462)]&amp#27;[0m Got response with status 200: {"sessionId":"e809f3a7-de2d-4b7b-99ef-d58bf3d34096","value":{"ELEMENT":"00000000-0000-0092-0000-001100000000","element-6066-11e4-a52e-4f735466cecf":"00000000-0000-0092-0000-001100000000"}}
[debug] &amp#27;[38;5;32m[AndroidUiautomator2Driver@f487 (caf0f462)]&amp#27;[0m Responding to client with driver.findElement() result: {"element-6066-11e4-a52e-4f735466cecf":"00000000-0000-0092-0000-001100000000","ELEMENT":"00000000-0000-0092-0000-001100000000"}
&amp#27;[38;5;0m[HTTP]&amp#27;[0m &amp#27;[37m<-- POST /session/caf0f462-7df9-4e23-8625-6505db1f224c/element &amp#27;[39m&amp#27;[32m200&amp#27;[39m &amp#27;[90m1062 ms - 137&amp#27;[39m
&amp#27;[38;5;0m[HTTP]&amp#27;[0m &amp#27;[90m&amp#27;[39m
&amp#27;[38;5;0m[HTTP]&amp#27;[0m &amp#27;[37m-->&amp#27;[39m &amp#27;[37mPOST&amp#27;[39m &amp#27;[37m/session/caf0f462-7df9-4e23-8625-6505db1f224c/element/00000000-0000-0092-0000-001100000000/value&amp#27;[39m
&amp#27;[38;5;0m[HTTP]&amp#27;[0m &amp#27;[90m{"id":"00000000-0000-0092-0000-001100000000","text":"Bhavana1","value":["B","h","a","v","a","n","a","1"]}&amp#27;[39m
[debug] &amp#27;[38;5;32m[AndroidUiautomator2Driver@f487 (caf0f462)]&amp#27;[0m Calling AppiumDriver.setValue() with args: [["B","h","a","v","a","n","a","1"],"00000000-0000-0092-0000-001100000000","caf0f462-7df9-4e23-8625-6505db1f224c"]
[debug] &amp#27;[38;5;32m[AndroidUiautomator2Driver@f487 (caf0f462)]&amp#27;[0m Matched '/element/00000000-0000-0092-0000-001100000000/value' to command name 'setValue'
[debug] &amp#27;[38;5;32m[AndroidUiautomator2Driver@f487 (caf0f462)]&amp#27;[0m Added 'value' property ["B","h","a","v","a","n","a","1"] to 'setValue' request body
[debug] &amp#27;[38;5;32m[AndroidUiautomator2Driver@f487 (caf0f462)]&amp#27;[0m Proxying [POST /element/00000000-0000-0092-0000-001100000000/value] to [POST http://127.0.0.1:8201/session/e809f3a7-de2d-4b7b-99ef-d58bf3d34096/element/00000000-0000-0092-0000-001100000000/value] with body: {"elementId":"00000000-0000-0092-0000-001100000000","text":"Bhavana1","replace":false,"value":["B","h","a","v","a","n","a","1"]}
[debug] &amp#27;[38;5;32m[AndroidUiautomator2Driver@f487 (caf0f462)]&amp#27;[0m Got response with status 200: {"sessionId":"e809f3a7-de2d-4b7b-99ef-d58bf3d34096","value":null}
[debug] &amp#27;[38;5;32m[AndroidUiautomator2Driver@f487 (caf0f462)]&amp#27;[0m Responding to client with driver.setValue() result: null
&amp#27;[38;5;0m[HTTP]&amp#27;[0m &amp#27;[37m<-- POST /session/caf0f462-7df9-4e23-8625-6505db1f224c/element/00000000-0000-0092-0000-001100000000/value &amp#27;[39m&amp#27;[32m200&amp#27;[39m &amp#27;[90m40 ms - 14&amp#27;[39m
&amp#27;[38;5;0m[HTTP]&amp#27;[0m &amp#27;[90m&amp#27;[39m
&amp#27;[38;5;0m[HTTP]&amp#27;[0m &amp#27;[37m-->&amp#27;[39m &amp#27;[37mPOST&amp#27;[39m &amp#27;[37m/session/caf0f462-7df9-4e23-8625-6505db1f224c/execute/sync&amp#27;[39m
&amp#27;[38;5;0m[HTTP]&amp#27;[0m &amp#27;[90m{"script":"mobile: hideKeyboard","args":[]}&amp#27;[39m
[debug] &amp#27;[38;5;32m[AndroidUiautomator2Driver@f487 (caf0f462)]&amp#27;[0m Calling AppiumDriver.execute() with args: ["mobile: hideKeyboard",[],"caf0f462-7df9-4e23-8625-6505db1f224c"]
&amp#27;[38;5;32m[AndroidUiautomator2Driver@f487 (caf0f462)]&amp#27;[0m Executing method 'mobile: hideKeyboard'
[debug] &amp#27;[38;5;64m[ADB]&amp#27;[0m Running 'C:\Users\USER\AppData\Local\Android\Sdk\platform-tools\adb.exe -P 5037 -s emulator-5554 shell dumpsys input_method'
[debug] &amp#27;[38;5;64m[ADB]&amp#27;[0m Running 'C:\Users\USER\AppData\Local\Android\Sdk\platform-tools\adb.exe -P 5037 -s emulator-5554 shell input keyevent 111'
[debug] &amp#27;[38;5;64m[ADB]&amp#27;[0m Running 'C:\Users\USER\AppData\Local\Android\Sdk\platform-tools\adb.exe -P 5037 -s emulator-5554 shell dumpsys input_method'
[debug] &amp#27;[38;5;32m[AndroidUiautomator2Driver@f487 (caf0f462)]&amp#27;[0m Responding to client with driver.execute() result: true
&amp#27;[38;5;0m[HTTP]&amp#27;[0m &amp#27;[37m<-- POST /session/caf0f462-7df9-4e23-8625-6505db1f224c/execute/sync &amp#27;[39m&amp#27;[32m200&amp#27;[39m &amp#27;[90m975 ms - 14&amp#27;[39m
&amp#27;[38;5;0m[HTTP]&amp#27;[0m &amp#27;[90m&amp#27;[39m
&amp#27;[38;5;0m[HTTP]&amp#27;[0m &amp#27;[37m-->&amp#27;[39m &amp#27;[37mGET&amp#27;[39m &amp#27;[37m/session/caf0f462-7df9-4e23-8625-6505db1f224c/context&amp#27;[39m
&amp#27;[38;5;0m[HTTP]&amp#27;[0m &amp#27;[90m{}&amp#27;[39m
[debug] &amp#27;[38;5;32m[AndroidUiautomator2Driver@f487 (caf0f462)]&amp#27;[0m Calling AppiumDriver.getCurrentContext() with args: ["caf0f462-7df9-4e23-8625-6505db1f224c"]
[debug] &amp#27;[38;5;32m[AndroidUiautomator2Driver@f487 (caf0f462)]&amp#27;[0m Responding to client with driver.getCurrentContext() result: "NATIVE_APP"
&amp#27;[38;5;0m[HTTP]&amp#27;[0m &amp#27;[37m<-- GET /session/caf0f462-7df9-4e23-8625-6505db1f224c/context &amp#27;[39m&amp#27;[32m200&amp#27;[39m &amp#27;[90m2 ms - 22&amp#27;[39m
&amp#27;[38;5;0m[HTTP]&amp#27;[0m &amp#27;[90m&amp#27;[39m
&amp#27;[38;5;0m[HTTP]&amp#27;[0m &amp#27;[37m-->&amp#27;[39m &amp#27;[37mPOST&amp#27;[39m &amp#27;[37m/session/caf0f462-7df9-4e23-8625-6505db1f224c/element&amp#27;[39m
&amp#27;[38;5;0m[HTTP]&amp#27;[0m &amp#27;[90m{"using":"xpath","value":"(//android.widget.EditText)[2]"}&amp#27;[39m
[debug] &amp#27;[38;5;32m[AndroidUiautomator2Driver@f487 (caf0f462)]&amp#27;[0m Calling AppiumDriver.findElement() with args: ["xpath","(//android.widget.EditText)[2]","caf0f462-7df9-4e23-8625-6505db1f224c"]
[debug] &amp#27;[38;5;32m[AndroidUiautomator2Driver@f487 (caf0f462)]&amp#27;[0m Valid locator strategies for this request: xpath, id, class name, accessibility id, css selector, -android uiautomator
[debug] &amp#27;[38;5;32m[AndroidUiautomator2Driver@f487 (caf0f462)]&amp#27;[0m Waiting up to 10000 ms for condition
[debug] &amp#27;[38;5;32m[AndroidUiautomator2Driver@f487 (caf0f462)]&amp#27;[0m Matched '/element' to command name 'findElement'
[debug] &amp#27;[38;5;32m[AndroidUiautomator2Driver@f487 (caf0f462)]&amp#27;[0m Proxying [POST /element] to [POST http://127.0.0.1:8201/session/e809f3a7-de2d-4b7b-99ef-d58bf3d34096/element] with body: {"strategy":"xpath","selector":"(//android.widget.EditText)[2]","context":"","multiple":false}
[debug] &amp#27;[38;5;32m[AndroidUiautomator2Driver@f487 (caf0f462)]&amp#27;[0m Got response with status 200: {"sessionId":"e809f3a7-de2d-4b7b-99ef-d58bf3d34096","value":{"ELEMENT":"00000000-0000-0092-0000-001200000000","element-6066-11e4-a52e-4f735466cecf":"00000000-0000-0092-0000-001200000000"}}
[debug] &amp#27;[38;5;32m[AndroidUiautomator2Driver@f487 (caf0f462)]&amp#27;[0m Responding to client with driver.findElement() result: {"element-6066-11e4-a52e-4f735466cecf":"00000000-0000-0092-0000-001200000000","ELEMENT":"00000000-0000-0092-0000-001200000000"}
&amp#27;[38;5;0m[HTTP]&amp#27;[0m &amp#27;[37m<-- POST /session/caf0f462-7df9-4e23-8625-6505db1f224c/element &amp#27;[39m&amp#27;[32m200&amp#27;[39m &amp#27;[90m325 ms - 137&amp#27;[39m
&amp#27;[38;5;0m[HTTP]&amp#27;[0m &amp#27;[90m&amp#27;[39m
&amp#27;[38;5;0m[HTTP]&amp#27;[0m &amp#27;[37m-->&amp#27;[39m &amp#27;[37mPOST&amp#27;[39m &amp#27;[37m/session/caf0f462-7df9-4e23-8625-6505db1f224c/element/00000000-0000-0092-0000-001200000000/click&amp#27;[39m
&amp#27;[38;5;0m[HTTP]&amp#27;[0m &amp#27;[90m{"id":"00000000-0000-0092-0000-001200000000"}&amp#27;[39m
[debug] &amp#27;[38;5;32m[AndroidUiautomator2Driver@f487 (caf0f462)]&amp#27;[0m Calling AppiumDriver.click() with args: ["00000000-0000-0092-0000-001200000000","caf0f462-7df9-4e23-8625-6505db1f224c"]
[debug] &amp#27;[38;5;32m[AndroidUiautomator2Driver@f487 (caf0f462)]&amp#27;[0m Matched '/element/00000000-0000-0092-0000-001200000000/click' to command name 'click'
[debug] &amp#27;[38;5;32m[AndroidUiautomator2Driver@f487 (caf0f462)]&amp#27;[0m Proxying [POST /element/00000000-0000-0092-0000-001200000000/click] to [POST http://127.0.0.1:8201/session/e809f3a7-de2d-4b7b-99ef-d58bf3d34096/element/00000000-0000-0092-0000-001200000000/click] with body: {"element":"00000000-0000-0092-0000-001200000000"}
[debug] &amp#27;[38;5;32m[AndroidUiautomator2Driver@f487 (caf0f462)]&amp#27;[0m Got response with status 200: {"sessionId":"e809f3a7-de2d-4b7b-99ef-d58bf3d34096","value":null}
[debug] &amp#27;[38;5;32m[AndroidUiautomator2Driver@f487 (caf0f462)]&amp#27;[0m Responding to client with driver.click() result: null
&amp#27;[38;5;0m[HTTP]&amp#27;[0m &amp#27;[37m<-- POST /session/caf0f462-7df9-4e23-8625-6505db1f224c/element/00000000-0000-0092-0000-001200000000/click &amp#27;[39m&amp#27;[32m200&amp#27;[39m &amp#27;[90m71 ms - 14&amp#27;[39m
&amp#27;[38;5;0m[HTTP]&amp#27;[0m &amp#27;[90m&amp#27;[39m
&amp#27;[38;5;0m[HTTP]&amp#27;[0m &amp#27;[37m-->&amp#27;[39m &amp#27;[37mGET&amp#27;[39m &amp#27;[37m/session/caf0f462-7df9-4e23-8625-6505db1f224c/context&amp#27;[39m
&amp#27;[38;5;0m[HTTP]&amp#27;[0m &amp#27;[90m{}&amp#27;[39m
[debug] &amp#27;[38;5;32m[AndroidUiautomator2Driver@f487 (caf0f462)]&amp#27;[0m Calling AppiumDriver.getCurrentContext() with args: ["caf0f462-7df9-4e23-8625-6505db1f224c"]
[debug] &amp#27;[38;5;32m[AndroidUiautomator2Driver@f487 (caf0f462)]&amp#27;[0m Responding to client with driver.getCurrentContext() result: "NATIVE_APP"
&amp#27;[38;5;0m[HTTP]&amp#27;[0m &amp#27;[37m<-- GET /session/caf0f462-7df9-4e23-8625-6505db1f224c/context &amp#27;[39m&amp#27;[32m200&amp#27;[39m &amp#27;[90m3 ms - 22&amp#27;[39m
&amp#27;[38;5;0m[HTTP]&amp#27;[0m &amp#27;[90m&amp#27;[39m
&amp#27;[38;5;0m[HTTP]&amp#27;[0m &amp#27;[37m-->&amp#27;[39m &amp#27;[37mPOST&amp#27;[39m &amp#27;[37m/session/caf0f462-7df9-4e23-8625-6505db1f224c/element&amp#27;[39m
&amp#27;[38;5;0m[HTTP]&amp#27;[0m &amp#27;[90m{"using":"xpath","value":"(//android.widget.EditText)[2]"}&amp#27;[39m
[debug] &amp#27;[38;5;32m[AndroidUiautomator2Driver@f487 (caf0f462)]&amp#27;[0m Calling AppiumDriver.findElement() with args: ["xpath","(//android.widget.EditText)[2]","caf0f462-7df9-4e23-8625-6505db1f224c"]
[debug] &amp#27;[38;5;32m[AndroidUiautomator2Driver@f487 (caf0f462)]&amp#27;[0m Valid locator strategies for this request: xpath, id, class name, accessibility id, css selector, -android uiautomator
[debug] &amp#27;[38;5;32m[AndroidUiautomator2Driver@f487 (caf0f462)]&amp#27;[0m Waiting up to 10000 ms for condition
[debug] &amp#27;[38;5;32m[AndroidUiautomator2Driver@f487 (caf0f462)]&amp#27;[0m Matched '/element' to command name 'findElement'
[debug] &amp#27;[38;5;32m[AndroidUiautomator2Driver@f487 (caf0f462)]&amp#27;[0m Proxying [POST /element] to [POST http://127.0.0.1:8201/session/e809f3a7-de2d-4b7b-99ef-d58bf3d34096/element] with body: {"strategy":"xpath","selector":"(//android.widget.EditText)[2]","context":"","multiple":false}
[debug] &amp#27;[38;5;32m[AndroidUiautomator2Driver@f487 (caf0f462)]&amp#27;[0m Got response with status 200: {"sessionId":"e809f3a7-de2d-4b7b-99ef-d58bf3d34096","value":{"ELEMENT":"00000000-0000-0092-0000-001200000000","element-6066-11e4-a52e-4f735466cecf":"00000000-0000-0092-0000-001200000000"}}
[debug] &amp#27;[38;5;32m[AndroidUiautomator2Driver@f487 (caf0f462)]&amp#27;[0m Responding to client with driver.findElement() result: {"element-6066-11e4-a52e-4f735466cecf":"00000000-0000-0092-0000-001200000000","ELEMENT":"00000000-0000-0092-0000-001200000000"}
&amp#27;[38;5;0m[HTTP]&amp#27;[0m &amp#27;[37m<-- POST /session/caf0f462-7df9-4e23-8625-6505db1f224c/element &amp#27;[39m&amp#27;[32m200&amp#27;[39m &amp#27;[90m326 ms - 137&amp#27;[39m
&amp#27;[38;5;0m[HTTP]&amp#27;[0m &amp#27;[90m&amp#27;[39m
&amp#27;[38;5;0m[HTTP]&amp#27;[0m &amp#27;[37m-->&amp#27;[39m &amp#27;[37mPOST&amp#27;[39m &amp#27;[37m/session/caf0f462-7df9-4e23-8625-6505db1f224c/element/00000000-0000-0092-0000-001200000000/value&amp#27;[39m
&amp#27;[38;5;0m[HTTP]&amp#27;[0m &amp#27;[90m{"id":"00000000-0000-0092-0000-001200000000","text":"Bhavana1@gmail.com","value":["B","h","a","v","a","n","a","1","@","g","m","a","i","l",".","c","o","m"]}&amp#27;[39m
[debug] &amp#27;[38;5;32m[AndroidUiautomator2Driver@f487 (caf0f462)]&amp#27;[0m Calling AppiumDriver.setValue() with args: [["B","h","a","v","a","n","a","1","@","g","m","a","i","l",".","c","o","m"],"00000000-0000-0092-0000-001200000000","caf0f462-7df9-4e23-8625-6505db1f224c"]
[debug] &amp#27;[38;5;32m[AndroidUiautomator2Driver@f487 (caf0f462)]&amp#27;[0m Matched '/element/00000000-0000-0092-0000-001200000000/value' to command name 'setValue'
[debug] &amp#27;[38;5;32m[AndroidUiautomator2Driver@f487 (caf0f462)]&amp#27;[0m Added 'value' property ["B","h","a","v","a","n","a","1","@","g","m","a","i","l",".","c","o","m"] to 'setValue' request body
[debug] &amp#27;[38;5;32m[AndroidUiautomator2Driver@f487 (caf0f462)]&amp#27;[0m Proxying [POST /element/00000000-0000-0092-0000-001200000000/value] to [POST http://127.0.0.1:8201/session/e809f3a7-de2d-4b7b-99ef-d58bf3d34096/element/00000000-0000-0092-0000-001200000000/value] with body: {"elementId":"00000000-0000-0092-0000-001200000000","text":"Bhavana1@gmail.com","replace":false,"value":["B","h","a","v","a","n","a","1","@","g","m","a","i","l",".","c","o","m"]}
[debug] &amp#27;[38;5;32m[AndroidUiautomator2Driver@f487 (caf0f462)]&amp#27;[0m Got response with status 200: {"sessionId":"e809f3a7-de2d-4b7b-99ef-d58bf3d34096","value":null}
[debug] &amp#27;[38;5;32m[AndroidUiautomator2Driver@f487 (caf0f462)]&amp#27;[0m Responding to client with driver.setValue() result: null
&amp#27;[38;5;0m[HTTP]&amp#27;[0m &amp#27;[37m<-- POST /session/caf0f462-7df9-4e23-8625-6505db1f224c/element/00000000-0000-0092-0000-001200000000/value &amp#27;[39m&amp#27;[32m200&amp#27;[39m &amp#27;[90m557 ms - 14&amp#27;[39m
&amp#27;[38;5;0m[HTTP]&amp#27;[0m &amp#27;[90m&amp#27;[39m
&amp#27;[38;5;0m[HTTP]&amp#27;[0m &amp#27;[37m-->&amp#27;[39m &amp#27;[37mPOST&amp#27;[39m &amp#27;[37m/session/caf0f462-7df9-4e23-8625-6505db1f224c/execute/sync&amp#27;[39m
&amp#27;[38;5;0m[HTTP]&amp#27;[0m &amp#27;[90m{"script":"mobile: hideKeyboard","args":[]}&amp#27;[39m
[debug] &amp#27;[38;5;32m[AndroidUiautomator2Driver@f487 (caf0f462)]&amp#27;[0m Calling AppiumDriver.execute() with args: ["mobile: hideKeyboard",[],"caf0f462-7df9-4e23-8625-6505db1f224c"]
&amp#27;[38;5;32m[AndroidUiautomator2Driver@f487 (caf0f462)]&amp#27;[0m Executing method 'mobile: hideKeyboard'
[debug] &amp#27;[38;5;64m[ADB]&amp#27;[0m Running 'C:\Users\USER\AppData\Local\Android\Sdk\platform-tools\adb.exe -P 5037 -s emulator-5554 shell dumpsys input_method'
[debug] &amp#27;[38;5;64m[ADB]&amp#27;[0m Running 'C:\Users\USER\AppData\Local\Android\Sdk\platform-tools\adb.exe -P 5037 -s emulator-5554 shell input keyevent 111'
[debug] &amp#27;[38;5;64m[ADB]&amp#27;[0m Running 'C:\Users\USER\AppData\Local\Android\Sdk\platform-tools\adb.exe -P 5037 -s emulator-5554 shell dumpsys input_method'
[debug] &amp#27;[38;5;32m[AndroidUiautomator2Driver@f487 (caf0f462)]&amp#27;[0m Responding to client with driver.execute() result: true
&amp#27;[38;5;0m[HTTP]&amp#27;[0m &amp#27;[37m<-- POST /session/caf0f462-7df9-4e23-8625-6505db1f224c/execute/sync &amp#27;[39m&amp#27;[32m200&amp#27;[39m &amp#27;[90m876 ms - 14&amp#27;[39m
&amp#27;[38;5;0m[HTTP]&amp#27;[0m &amp#27;[90m&amp#27;[39m
&amp#27;[38;5;0m[HTTP]&amp#27;[0m &amp#27;[37m-->&amp#27;[39m &amp#27;[37mPOST&amp#27;[39m &amp#27;[37m/session/caf0f462-7df9-4e23-8625-6505db1f224c/execute/sync&amp#27;[39m
&amp#27;[38;5;0m[HTTP]&amp#27;[0m &amp#27;[90m{"script":"mobile: hideKeyboard","args":[]}&amp#27;[39m
[debug] &amp#27;[38;5;32m[AndroidUiautomator2Driver@f487 (caf0f462)]&amp#27;[0m Calling AppiumDriver.execute() with args: ["mobile: hideKeyboard",[],"caf0f462-7df9-4e23-8625-6505db1f224c"]
&amp#27;[38;5;32m[AndroidUiautomator2Driver@f487 (caf0f462)]&amp#27;[0m Executing method 'mobile: hideKeyboard'
[debug] &amp#27;[38;5;64m[ADB]&amp#27;[0m Running 'C:\Users\USER\AppData\Local\Android\Sdk\platform-tools\adb.exe -P 5037 -s emulator-5554 shell dumpsys input_method'
&amp#27;[38;5;64m[ADB]&amp#27;[0m Keyboard has no UI; no closing necessary
[debug] &amp#27;[38;5;32m[AndroidUiautomator2Driver@f487 (caf0f462)]&amp#27;[0m Responding to client with driver.execute() result: false
&amp#27;[38;5;0m[HTTP]&amp#27;[0m &amp#27;[37m<-- POST /session/caf0f462-7df9-4e23-8625-6505db1f224c/execute/sync &amp#27;[39m&amp#27;[32m200&amp#27;[39m &amp#27;[90m121 ms - 15&amp#27;[39m
&amp#27;[38;5;0m[HTTP]&amp#27;[0m &amp#27;[90m&amp#27;[39m
&amp#27;[38;5;0m[HTTP]&amp#27;[0m &amp#27;[37m-->&amp#27;[39m &amp#27;[37mGET&amp#27;[39m &amp#27;[37m/session/caf0f462-7df9-4e23-8625-6505db1f224c/context&amp#27;[39m
&amp#27;[38;5;0m[HTTP]&amp#27;[0m &amp#27;[90m{}&amp#27;[39m
[debug] &amp#27;[38;5;32m[AndroidUiautomator2Driver@f487 (caf0f462)]&amp#27;[0m Calling AppiumDriver.getCurrentContext() with args: ["caf0f462-7df9-4e23-8625-6505db1f224c"]
[debug] &amp#27;[38;5;32m[AndroidUiautomator2Driver@f487 (caf0f462)]&amp#27;[0m Responding to client with driver.getCurrentContext() result: "NATIVE_APP"
&amp#27;[38;5;0m[HTTP]&amp#27;[0m &amp#27;[37m<-- GET /session/caf0f462-7df9-4e23-8625-6505db1f224c/context &amp#27;[39m&amp#27;[32m200&amp#27;[39m &amp#27;[90m3 ms - 22&amp#27;[39m
&amp#27;[38;5;0m[HTTP]&amp#27;[0m &amp#27;[90m&amp#27;[39m
&amp#27;[38;5;0m[HTTP]&amp#27;[0m &amp#27;[37m-->&amp#27;[39m &amp#27;[37mPOST&amp#27;[39m &amp#27;[37m/session/caf0f462-7df9-4e23-8625-6505db1f224c/element&amp#27;[39m
&amp#27;[38;5;0m[HTTP]&amp#27;[0m &amp#27;[90m{"using":"accessibility id","value":"Sign Up"}&amp#27;[39m
[debug] &amp#27;[38;5;32m[AndroidUiautomator2Driver@f487 (caf0f462)]&amp#27;[0m Calling AppiumDriver.findElement() with args: ["accessibility id","Sign Up","caf0f462-7df9-4e23-8625-6505db1f224c"]
[debug] &amp#27;[38;5;32m[AndroidUiautomator2Driver@f487 (caf0f462)]&amp#27;[0m Valid locator strategies for this request: xpath, id, class name, accessibility id, css selector, -android uiautomator
[debug] &amp#27;[38;5;32m[AndroidUiautomator2Driver@f487 (caf0f462)]&amp#27;[0m Waiting up to 10000 ms for condition
[debug] &amp#27;[38;5;32m[AndroidUiautomator2Driver@f487 (caf0f462)]&amp#27;[0m Matched '/element' to command name 'findElement'
[debug] &amp#27;[38;5;32m[AndroidUiautomator2Driver@f487 (caf0f462)]&amp#27;[0m Proxying [POST /element] to [POST http://127.0.0.1:8201/session/e809f3a7-de2d-4b7b-99ef-d58bf3d34096/element] with body: {"strategy":"accessibility id","selector":"Sign Up","context":"","multiple":false}
[debug] &amp#27;[38;5;32m[AndroidUiautomator2Driver@f487 (caf0f462)]&amp#27;[0m Got response with status 200: {"sessionId":"e809f3a7-de2d-4b7b-99ef-d58bf3d34096","value":{"ELEMENT":"00000000-0000-0092-0000-001500000000","element-6066-11e4-a52e-4f735466cecf":"00000000-0000-0092-0000-001500000000"}}
[debug] &amp#27;[38;5;32m[AndroidUiautomator2Driver@f487 (caf0f462)]&amp#27;[0m Responding to client with driver.findElement() result: {"element-6066-11e4-a52e-4f735466cecf":"00000000-0000-0092-0000-001500000000","ELEMENT":"00000000-0000-0092-0000-001500000000"}
&amp#27;[38;5;0m[HTTP]&amp#27;[0m &amp#27;[37m<-- POST /session/caf0f462-7df9-4e23-8625-6505db1f224c/element &amp#27;[39m&amp#27;[32m200&amp#27;[39m &amp#27;[90m41 ms - 137&amp#27;[39m
&amp#27;[38;5;0m[HTTP]&amp#27;[0m &amp#27;[90m&amp#27;[39m
&amp#27;[38;5;0m[HTTP]&amp#27;[0m &amp#27;[37m-->&amp#27;[39m &amp#27;[37mPOST&amp#27;[39m &amp#27;[37m/session/caf0f462-7df9-4e23-8625-6505db1f224c/element/00000000-0000-0092-0000-001500000000/click&amp#27;[39m
&amp#27;[38;5;0m[HTTP]&amp#27;[0m &amp#27;[90m{"id":"00000000-0000-0092-0000-001500000000"}&amp#27;[39m
[debug] &amp#27;[38;5;32m[AndroidUiautomator2Driver@f487 (caf0f462)]&amp#27;[0m Calling AppiumDriver.click() with args: ["00000000-0000-0092-0000-001500000000","caf0f462-7df9-4e23-8625-6505db1f224c"]
[debug] &amp#27;[38;5;32m[AndroidUiautomator2Driver@f487 (caf0f462)]&amp#27;[0m Matched '/element/00000000-0000-0092-0000-001500000000/click' to command name 'click'
[debug] &amp#27;[38;5;32m[AndroidUiautomator2Driver@f487 (caf0f462)]&amp#27;[0m Proxying [POST /element/00000000-0000-0092-0000-001500000000/click] to [POST http://127.0.0.1:8201/session/e809f3a7-de2d-4b7b-99ef-d58bf3d34096/element/00000000-0000-0092-0000-001500000000/click] with body: {"element":"00000000-0000-0092-0000-001500000000"}
[debug] &amp#27;[38;5;32m[AndroidUiautomator2Driver@f487 (caf0f462)]&amp#27;[0m Got response with status 200: {"sessionId":"e809f3a7-de2d-4b7b-99ef-d58bf3d34096","value":null}
[debug] &amp#27;[38;5;32m[AndroidUiautomator2Driver@f487 (caf0f462)]&amp#27;[0m Responding to client with driver.click() result: null
&amp#27;[38;5;0m[HTTP]&amp#27;[0m &amp#27;[37m<-- POST /session/caf0f462-7df9-4e23-8625-6505db1f224c/element/00000000-0000-0092-0000-001500000000/click &amp#27;[39m&amp#27;[32m200&amp#27;[39m &amp#27;[90m40 ms - 14&amp#27;[39m
&amp#27;[38;5;0m[HTTP]&amp#27;[0m &amp#27;[90m&amp#27;[39m
&amp#27;[38;5;0m[HTTP]&amp#27;[0m &amp#27;[37m-->&amp#27;[39m &amp#27;[37mPOST&amp#27;[39m &amp#27;[37m/session/caf0f462-7df9-4e23-8625-6505db1f224c/back&amp#27;[39m
&amp#27;[38;5;0m[HTTP]&amp#27;[0m &amp#27;[90m{}&amp#27;[39m
&amp#27;[38;5;32m[AndroidUiautomator2Driver@f487 (caf0f462)]&amp#27;[0m Driver proxy active, passing request on via HTTP proxy
[debug] &amp#27;[38;5;32m[AndroidUiautomator2Driver@f487 (caf0f462)]&amp#27;[0m Matched '/session/caf0f462-7df9-4e23-8625-6505db1f224c/back' to command name 'back'
[debug] &amp#27;[38;5;32m[AndroidUiautomator2Driver@f487 (caf0f462)]&amp#27;[0m Proxying [POST /session/caf0f462-7df9-4e23-8625-6505db1f224c/back] to [POST http://127.0.0.1:8201/session/e809f3a7-de2d-4b7b-99ef-d58bf3d34096/back] with body: {}
[debug] &amp#27;[38;5;32m[AndroidUiautomator2Driver@f487 (caf0f462)]&amp#27;[0m Got response with status 200: {"sessionId":"e809f3a7-de2d-4b7b-99ef-d58bf3d34096","value":null}
&amp#27;[38;5;32m[AndroidUiautomator2Driver@f487 (caf0f462)]&amp#27;[0m Replacing sessionId e809f3a7-de2d-4b7b-99ef-d58bf3d34096 with caf0f462-7df9-4e23-8625-6505db1f224c
&amp#27;[38;5;0m[HTTP]&amp#27;[0m &amp#27;[37m<-- POST /session/caf0f462-7df9-4e23-8625-6505db1f224c/back &amp#27;[39m&amp#27;[32m200&amp#27;[39m &amp#27;[90m621 ms - 65&amp#27;[39m
&amp#27;[38;5;0m[HTTP]&amp#27;[0m &amp#27;[90m&amp#27;[39m
12:00:28.081 [main] INFO  testclass.registerTest - Initializing setup...
This is a test scenario: onTestSuccessvalidverifytest
]]></system-out>
    <system-err><![CDATA[SLF4J: No SLF4J providers were found.
SLF4J: Defaulting to no-operation (NOP) logger implementation
SLF4J: See https://www.slf4j.org/codes.html#noProviders for further details.
]]></system-err>
  </testcase>
  <testcase name="invalidverifytest" classname="testclass.registerTest" time="11.467">
    <system-out><![CDATA[Starting the screenshot method!
This is a test scenario: onTestStartinvalidverifytest
&amp#27;[38;5;0m[HTTP]&amp#27;[0m &amp#27;[37m-->&amp#27;[39m &amp#27;[37mGET&amp#27;[39m &amp#27;[37m/session/caf0f462-7df9-4e23-8625-6505db1f224c/context&amp#27;[39m
&amp#27;[38;5;0m[HTTP]&amp#27;[0m &amp#27;[90m{}&amp#27;[39m
[debug] &amp#27;[38;5;32m[AndroidUiautomator2Driver@f487 (caf0f462)]&amp#27;[0m Calling AppiumDriver.getCurrentContext() with args: ["caf0f462-7df9-4e23-8625-6505db1f224c"]
[debug] &amp#27;[38;5;32m[AndroidUiautomator2Driver@f487 (caf0f462)]&amp#27;[0m Responding to client with driver.getCurrentContext() result: "NATIVE_APP"
&amp#27;[38;5;0m[HTTP]&amp#27;[0m &amp#27;[37m<-- GET /session/caf0f462-7df9-4e23-8625-6505db1f224c/context &amp#27;[39m&amp#27;[32m200&amp#27;[39m &amp#27;[90m4 ms - 22&amp#27;[39m
&amp#27;[38;5;0m[HTTP]&amp#27;[0m &amp#27;[90m&amp#27;[39m
&amp#27;[38;5;0m[HTTP]&amp#27;[0m &amp#27;[37m-->&amp#27;[39m &amp#27;[37mPOST&amp#27;[39m &amp#27;[37m/session/caf0f462-7df9-4e23-8625-6505db1f224c/element&amp#27;[39m
&amp#27;[38;5;0m[HTTP]&amp#27;[0m &amp#27;[90m{"using":"accessibility id","value":"Register"}&amp#27;[39m
[debug] &amp#27;[38;5;32m[AndroidUiautomator2Driver@f487 (caf0f462)]&amp#27;[0m Calling AppiumDriver.findElement() with args: ["accessibility id","Register","caf0f462-7df9-4e23-8625-6505db1f224c"]
[debug] &amp#27;[38;5;32m[AndroidUiautomator2Driver@f487 (caf0f462)]&amp#27;[0m Valid locator strategies for this request: xpath, id, class name, accessibility id, css selector, -android uiautomator
[debug] &amp#27;[38;5;32m[AndroidUiautomator2Driver@f487 (caf0f462)]&amp#27;[0m Waiting up to 10000 ms for condition
[debug] &amp#27;[38;5;32m[AndroidUiautomator2Driver@f487 (caf0f462)]&amp#27;[0m Matched '/element' to command name 'findElement'
[debug] &amp#27;[38;5;32m[AndroidUiautomator2Driver@f487 (caf0f462)]&amp#27;[0m Proxying [POST /element] to [POST http://127.0.0.1:8201/session/e809f3a7-de2d-4b7b-99ef-d58bf3d34096/element] with body: {"strategy":"accessibility id","selector":"Register","context":"","multiple":false}
[debug] &amp#27;[38;5;32m[AndroidUiautomator2Driver@f487 (caf0f462)]&amp#27;[0m Got response with status 200: {"sessionId":"e809f3a7-de2d-4b7b-99ef-d58bf3d34096","value":{"ELEMENT":"00000000-0000-0092-0000-000a00000000","element-6066-11e4-a52e-4f735466cecf":"00000000-0000-0092-0000-000a00000000"}}
[debug] &amp#27;[38;5;32m[AndroidUiautomator2Driver@f487 (caf0f462)]&amp#27;[0m Responding to client with driver.findElement() result: {"element-6066-11e4-a52e-4f735466cecf":"00000000-0000-0092-0000-000a00000000","ELEMENT":"00000000-0000-0092-0000-000a00000000"}
&amp#27;[38;5;0m[HTTP]&amp#27;[0m &amp#27;[37m<-- POST /session/caf0f462-7df9-4e23-8625-6505db1f224c/element &amp#27;[39m&amp#27;[32m200&amp#27;[39m &amp#27;[90m171 ms - 137&amp#27;[39m
&amp#27;[38;5;0m[HTTP]&amp#27;[0m &amp#27;[90m&amp#27;[39m
&amp#27;[38;5;0m[HTTP]&amp#27;[0m &amp#27;[37m-->&amp#27;[39m &amp#27;[37mPOST&amp#27;[39m &amp#27;[37m/session/caf0f462-7df9-4e23-8625-6505db1f224c/element/00000000-0000-0092-0000-000a00000000/click&amp#27;[39m
&amp#27;[38;5;0m[HTTP]&amp#27;[0m &amp#27;[90m{"id":"00000000-0000-0092-0000-000a00000000"}&amp#27;[39m
[debug] &amp#27;[38;5;32m[AndroidUiautomator2Driver@f487 (caf0f462)]&amp#27;[0m Calling AppiumDriver.click() with args: ["00000000-0000-0092-0000-000a00000000","caf0f462-7df9-4e23-8625-6505db1f224c"]
[debug] &amp#27;[38;5;32m[AndroidUiautomator2Driver@f487 (caf0f462)]&amp#27;[0m Matched '/element/00000000-0000-0092-0000-000a00000000/click' to command name 'click'
[debug] &amp#27;[38;5;32m[AndroidUiautomator2Driver@f487 (caf0f462)]&amp#27;[0m Proxying [POST /element/00000000-0000-0092-0000-000a00000000/click] to [POST http://127.0.0.1:8201/session/e809f3a7-de2d-4b7b-99ef-d58bf3d34096/element/00000000-0000-0092-0000-000a00000000/click] with body: {"element":"00000000-0000-0092-0000-000a00000000"}
[debug] &amp#27;[38;5;32m[AndroidUiautomator2Driver@f487 (caf0f462)]&amp#27;[0m Got response with status 200: {"sessionId":"e809f3a7-de2d-4b7b-99ef-d58bf3d34096","value":null}
[debug] &amp#27;[38;5;32m[AndroidUiautomator2Driver@f487 (caf0f462)]&amp#27;[0m Responding to client with driver.click() result: null
&amp#27;[38;5;0m[HTTP]&amp#27;[0m &amp#27;[37m<-- POST /session/caf0f462-7df9-4e23-8625-6505db1f224c/element/00000000-0000-0092-0000-000a00000000/click &amp#27;[39m&amp#27;[32m200&amp#27;[39m &amp#27;[90m599 ms - 14&amp#27;[39m
&amp#27;[38;5;0m[HTTP]&amp#27;[0m &amp#27;[90m&amp#27;[39m
&amp#27;[38;5;0m[HTTP]&amp#27;[0m &amp#27;[37m-->&amp#27;[39m &amp#27;[37mGET&amp#27;[39m &amp#27;[37m/session/caf0f462-7df9-4e23-8625-6505db1f224c/context&amp#27;[39m
&amp#27;[38;5;0m[HTTP]&amp#27;[0m &amp#27;[90m{}&amp#27;[39m
[debug] &amp#27;[38;5;32m[AndroidUiautomator2Driver@f487 (caf0f462)]&amp#27;[0m Calling AppiumDriver.getCurrentContext() with args: ["caf0f462-7df9-4e23-8625-6505db1f224c"]
[debug] &amp#27;[38;5;32m[AndroidUiautomator2Driver@f487 (caf0f462)]&amp#27;[0m Responding to client with driver.getCurrentContext() result: "NATIVE_APP"
&amp#27;[38;5;0m[HTTP]&amp#27;[0m &amp#27;[37m<-- GET /session/caf0f462-7df9-4e23-8625-6505db1f224c/context &amp#27;[39m&amp#27;[32m200&amp#27;[39m &amp#27;[90m2 ms - 22&amp#27;[39m
&amp#27;[38;5;0m[HTTP]&amp#27;[0m &amp#27;[90m&amp#27;[39m
&amp#27;[38;5;0m[HTTP]&amp#27;[0m &amp#27;[37m-->&amp#27;[39m &amp#27;[37mPOST&amp#27;[39m &amp#27;[37m/session/caf0f462-7df9-4e23-8625-6505db1f224c/element&amp#27;[39m
&amp#27;[38;5;0m[HTTP]&amp#27;[0m &amp#27;[90m{"using":"xpath","value":"(//android.widget.EditText)[1]"}&amp#27;[39m
[debug] &amp#27;[38;5;32m[AndroidUiautomator2Driver@f487 (caf0f462)]&amp#27;[0m Calling AppiumDriver.findElement() with args: ["xpath","(//android.widget.EditText)[1]","caf0f462-7df9-4e23-8625-6505db1f224c"]
[debug] &amp#27;[38;5;32m[AndroidUiautomator2Driver@f487 (caf0f462)]&amp#27;[0m Valid locator strategies for this request: xpath, id, class name, accessibility id, css selector, -android uiautomator
[debug] &amp#27;[38;5;32m[AndroidUiautomator2Driver@f487 (caf0f462)]&amp#27;[0m Waiting up to 10000 ms for condition
[debug] &amp#27;[38;5;32m[AndroidUiautomator2Driver@f487 (caf0f462)]&amp#27;[0m Matched '/element' to command name 'findElement'
[debug] &amp#27;[38;5;32m[AndroidUiautomator2Driver@f487 (caf0f462)]&amp#27;[0m Proxying [POST /element] to [POST http://127.0.0.1:8201/session/e809f3a7-de2d-4b7b-99ef-d58bf3d34096/element] with body: {"strategy":"xpath","selector":"(//android.widget.EditText)[1]","context":"","multiple":false}
[debug] &amp#27;[38;5;32m[AndroidUiautomator2Driver@f487 (caf0f462)]&amp#27;[0m Got response with status 200: {"sessionId":"e809f3a7-de2d-4b7b-99ef-d58bf3d34096","value":{"ELEMENT":"00000000-0000-0092-0000-001e00000000","element-6066-11e4-a52e-4f735466cecf":"00000000-0000-0092-0000-001e00000000"}}
[debug] &amp#27;[38;5;32m[AndroidUiautomator2Driver@f487 (caf0f462)]&amp#27;[0m Responding to client with driver.findElement() result: {"element-6066-11e4-a52e-4f735466cecf":"00000000-0000-0092-0000-001e00000000","ELEMENT":"00000000-0000-0092-0000-001e00000000"}
&amp#27;[38;5;0m[HTTP]&amp#27;[0m &amp#27;[37m<-- POST /session/caf0f462-7df9-4e23-8625-6505db1f224c/element &amp#27;[39m&amp#27;[32m200&amp#27;[39m &amp#27;[90m122 ms - 137&amp#27;[39m
&amp#27;[38;5;0m[HTTP]&amp#27;[0m &amp#27;[90m&amp#27;[39m
&amp#27;[38;5;0m[HTTP]&amp#27;[0m &amp#27;[37m-->&amp#27;[39m &amp#27;[37mPOST&amp#27;[39m &amp#27;[37m/session/caf0f462-7df9-4e23-8625-6505db1f224c/element/00000000-0000-0092-0000-001e00000000/click&amp#27;[39m
&amp#27;[38;5;0m[HTTP]&amp#27;[0m &amp#27;[90m{"id":"00000000-0000-0092-0000-001e00000000"}&amp#27;[39m
[debug] &amp#27;[38;5;32m[AndroidUiautomator2Driver@f487 (caf0f462)]&amp#27;[0m Calling AppiumDriver.click() with args: ["00000000-0000-0092-0000-001e00000000","caf0f462-7df9-4e23-8625-6505db1f224c"]
[debug] &amp#27;[38;5;32m[AndroidUiautomator2Driver@f487 (caf0f462)]&amp#27;[0m Matched '/element/00000000-0000-0092-0000-001e00000000/click' to command name 'click'
[debug] &amp#27;[38;5;32m[AndroidUiautomator2Driver@f487 (caf0f462)]&amp#27;[0m Proxying [POST /element/00000000-0000-0092-0000-001e00000000/click] to [POST http://127.0.0.1:8201/session/e809f3a7-de2d-4b7b-99ef-d58bf3d34096/element/00000000-0000-0092-0000-001e00000000/click] with body: {"element":"00000000-0000-0092-0000-001e00000000"}
[debug] &amp#27;[38;5;32m[AndroidUiautomator2Driver@f487 (caf0f462)]&amp#27;[0m Got response with status 200: {"sessionId":"e809f3a7-de2d-4b7b-99ef-d58bf3d34096","value":null}
[debug] &amp#27;[38;5;32m[AndroidUiautomator2Driver@f487 (caf0f462)]&amp#27;[0m Responding to client with driver.click() result: null
&amp#27;[38;5;0m[HTTP]&amp#27;[0m &amp#27;[37m<-- POST /session/caf0f462-7df9-4e23-8625-6505db1f224c/element/00000000-0000-0092-0000-001e00000000/click &amp#27;[39m&amp#27;[32m200&amp#27;[39m &amp#27;[90m35 ms - 14&amp#27;[39m
&amp#27;[38;5;0m[HTTP]&amp#27;[0m &amp#27;[90m&amp#27;[39m
&amp#27;[38;5;0m[HTTP]&amp#27;[0m &amp#27;[37m-->&amp#27;[39m &amp#27;[37mGET&amp#27;[39m &amp#27;[37m/session/caf0f462-7df9-4e23-8625-6505db1f224c/context&amp#27;[39m
&amp#27;[38;5;0m[HTTP]&amp#27;[0m &amp#27;[90m{}&amp#27;[39m
[debug] &amp#27;[38;5;32m[AndroidUiautomator2Driver@f487 (caf0f462)]&amp#27;[0m Calling AppiumDriver.getCurrentContext() with args: ["caf0f462-7df9-4e23-8625-6505db1f224c"]
[debug] &amp#27;[38;5;32m[AndroidUiautomator2Driver@f487 (caf0f462)]&amp#27;[0m Responding to client with driver.getCurrentContext() result: "NATIVE_APP"
&amp#27;[38;5;0m[HTTP]&amp#27;[0m &amp#27;[37m<-- GET /session/caf0f462-7df9-4e23-8625-6505db1f224c/context &amp#27;[39m&amp#27;[32m200&amp#27;[39m &amp#27;[90m2 ms - 22&amp#27;[39m
&amp#27;[38;5;0m[HTTP]&amp#27;[0m &amp#27;[90m&amp#27;[39m
&amp#27;[38;5;0m[HTTP]&amp#27;[0m &amp#27;[37m-->&amp#27;[39m &amp#27;[37mPOST&amp#27;[39m &amp#27;[37m/session/caf0f462-7df9-4e23-8625-6505db1f224c/element&amp#27;[39m
&amp#27;[38;5;0m[HTTP]&amp#27;[0m &amp#27;[90m{"using":"xpath","value":"(//android.widget.EditText)[1]"}&amp#27;[39m
[debug] &amp#27;[38;5;32m[AndroidUiautomator2Driver@f487 (caf0f462)]&amp#27;[0m Calling AppiumDriver.findElement() with args: ["xpath","(//android.widget.EditText)[1]","caf0f462-7df9-4e23-8625-6505db1f224c"]
[debug] &amp#27;[38;5;32m[AndroidUiautomator2Driver@f487 (caf0f462)]&amp#27;[0m Valid locator strategies for this request: xpath, id, class name, accessibility id, css selector, -android uiautomator
[debug] &amp#27;[38;5;32m[AndroidUiautomator2Driver@f487 (caf0f462)]&amp#27;[0m Waiting up to 10000 ms for condition
[debug] &amp#27;[38;5;32m[AndroidUiautomator2Driver@f487 (caf0f462)]&amp#27;[0m Matched '/element' to command name 'findElement'
[debug] &amp#27;[38;5;32m[AndroidUiautomator2Driver@f487 (caf0f462)]&amp#27;[0m Proxying [POST /element] to [POST http://127.0.0.1:8201/session/e809f3a7-de2d-4b7b-99ef-d58bf3d34096/element] with body: {"strategy":"xpath","selector":"(//android.widget.EditText)[1]","context":"","multiple":false}
[debug] &amp#27;[38;5;32m[AndroidUiautomator2Driver@f487 (caf0f462)]&amp#27;[0m Got response with status 200: {"sessionId":"e809f3a7-de2d-4b7b-99ef-d58bf3d34096","value":{"ELEMENT":"00000000-0000-0092-0000-001e00000000","element-6066-11e4-a52e-4f735466cecf":"00000000-0000-0092-0000-001e00000000"}}
[debug] &amp#27;[38;5;32m[AndroidUiautomator2Driver@f487 (caf0f462)]&amp#27;[0m Responding to client with driver.findElement() result: {"element-6066-11e4-a52e-4f735466cecf":"00000000-0000-0092-0000-001e00000000","ELEMENT":"00000000-0000-0092-0000-001e00000000"}
&amp#27;[38;5;0m[HTTP]&amp#27;[0m &amp#27;[37m<-- POST /session/caf0f462-7df9-4e23-8625-6505db1f224c/element &amp#27;[39m&amp#27;[32m200&amp#27;[39m &amp#27;[90m205 ms - 137&amp#27;[39m
&amp#27;[38;5;0m[HTTP]&amp#27;[0m &amp#27;[90m&amp#27;[39m
&amp#27;[38;5;0m[HTTP]&amp#27;[0m &amp#27;[37m-->&amp#27;[39m &amp#27;[37mPOST&amp#27;[39m &amp#27;[37m/session/caf0f462-7df9-4e23-8625-6505db1f224c/element/00000000-0000-0092-0000-001e00000000/value&amp#27;[39m
&amp#27;[38;5;0m[HTTP]&amp#27;[0m &amp#27;[90m{"id":"00000000-0000-0092-0000-001e00000000","text":"123Bhavana","value":["1","2","3","B","h","a","v","a","n","a"]}&amp#27;[39m
[debug] &amp#27;[38;5;32m[AndroidUiautomator2Driver@f487 (caf0f462)]&amp#27;[0m Calling AppiumDriver.setValue() with args: [["1","2","3","B","h","a","v","a","n","a"],"00000000-0000-0092-0000-001e00000000","caf0f462-7df9-4e23-8625-6505db1f224c"]
[debug] &amp#27;[38;5;32m[AndroidUiautomator2Driver@f487 (caf0f462)]&amp#27;[0m Matched '/element/00000000-0000-0092-0000-001e00000000/value' to command name 'setValue'
[debug] &amp#27;[38;5;32m[AndroidUiautomator2Driver@f487 (caf0f462)]&amp#27;[0m Added 'value' property ["1","2","3","B","h","a","v","a","n","a"] to 'setValue' request body
[debug] &amp#27;[38;5;32m[AndroidUiautomator2Driver@f487 (caf0f462)]&amp#27;[0m Proxying [POST /element/00000000-0000-0092-0000-001e00000000/value] to [POST http://127.0.0.1:8201/session/e809f3a7-de2d-4b7b-99ef-d58bf3d34096/element/00000000-0000-0092-0000-001e00000000/value] with body: {"elementId":"00000000-0000-0092-0000-001e00000000","text":"123Bhavana","replace":false,"value":["1","2","3","B","h","a","v","a","n","a"]}
[debug] &amp#27;[38;5;32m[AndroidUiautomator2Driver@f487 (caf0f462)]&amp#27;[0m Got response with status 200: {"sessionId":"e809f3a7-de2d-4b7b-99ef-d58bf3d34096","value":null}
[debug] &amp#27;[38;5;32m[AndroidUiautomator2Driver@f487 (caf0f462)]&amp#27;[0m Responding to client with driver.setValue() result: null
&amp#27;[38;5;0m[HTTP]&amp#27;[0m &amp#27;[37m<-- POST /session/caf0f462-7df9-4e23-8625-6505db1f224c/element/00000000-0000-0092-0000-001e00000000/value &amp#27;[39m&amp#27;[32m200&amp#27;[39m &amp#27;[90m703 ms - 14&amp#27;[39m
&amp#27;[38;5;0m[HTTP]&amp#27;[0m &amp#27;[90m&amp#27;[39m
&amp#27;[38;5;0m[HTTP]&amp#27;[0m &amp#27;[37m-->&amp#27;[39m &amp#27;[37mPOST&amp#27;[39m &amp#27;[37m/session/caf0f462-7df9-4e23-8625-6505db1f224c/execute/sync&amp#27;[39m
&amp#27;[38;5;0m[HTTP]&amp#27;[0m &amp#27;[90m{"script":"mobile: hideKeyboard","args":[]}&amp#27;[39m
[...]
&amp#27;[38;5;0m[HTTP]&amp#27;[0m &amp#27;[37m<-- POST /session/caf0f462-7df9-4e23-8625-6505db1f224c/element &amp#27;[39m&amp#27;[32m200&amp#27;[39m &amp#27;[90m224 ms - 137&amp#27;[39m
&amp#27;[38;5;0m[HTTP]&amp#27;[0m &amp#27;[90m&amp#27;[39m
&amp#27;[38;5;0m[HTTP]&amp#27;[0m &amp#27;[37m-->&amp#27;[39m &amp#27;[37mPOST&amp#27;[39m &amp#27;[37m/session/caf0f462-7df9-4e23-8625-6505db1f224c/element/00000000-0000-0092-0000-001f00000000/value&amp#27;[39m
&amp#27;[38;5;0m[HTTP]&amp#27;[0m &amp#27;[90m{"id":"00000000-0000-0092-0000-001f00000000","text":"akash11@gmail.com","value":["a","k","a","s","h","1","1","@","g","m","a","i","l",".","c","o","m"]}&amp#27;[39m
[debug] &amp#27;[38;5;32m[AndroidUiautomator2Driver@f487 (caf0f462)]&amp#27;[0m Calling AppiumDriver.setValue() with args: [["a","k","a","s","h","1","1","@","g","m","a","i","l",".","c","o","m"],"00000000-0000-0092-0000-001f00000000","caf0f462-7df9-4e23-8625-6505db1f224c"]
[debug] &amp#27;[38;5;32m[AndroidUiautomator2Driver@f487 (caf0f462)]&amp#27;[0m Matched '/element/00000000-0000-0092-0000-001f00000000/value' to command name 'setValue'
[debug] &amp#27;[38;5;32m[AndroidUiautomator2Driver@f487 (caf0f462)]&amp#27;[0m Added 'value' property ["a","k","a","s","h","1","1","@","g","m","a","i","l",".","c","o","m"] to 'setValue' request body
[debug] &amp#27;[38;5;32m[AndroidUiautomator2Driver@f487 (caf0f462)]&amp#27;[0m Proxying [POST /element/00000000-0000-0092-0000-001f00000000/value] to [POST http://127.0.0.1:8201/session/e809f3a7-de2d-4b7b-99ef-d58bf3d34096/element/00000000-0000-0092-0000-001f00000000/value] with body: {"elementId":"00000000-0000-0092-0000-001f00000000","text":"akash11@gmail.com","replace":false,"value":["a","k","a","s","h","1","1","@","g","m","a","i","l",".","c","o","m"]}
[debug] &amp#27;[38;5;32m[AndroidUiautomator2Driver@f487 (caf0f462)]&amp#27;[0m Got response with status 200: {"sessionId":"e809f3a7-de2d-4b7b-99ef-d58bf3d34096","value":null}
[debug] &amp#27;[38;5;32m[AndroidUiautomator2Driver@f487 (caf0f462)]&amp#27;[0m Responding to client with driver.setValue() result: null
&amp#27;[38;5;0m[HTTP]&amp#27;[0m &amp#27;[37m<-- POST /session/caf0f462-7df9-4e23-8625-6505db1f224c/element/00000000-0000-0092-0000-001f00000000/value &amp#27;[39m&amp#27;[32m200&amp#27;[39m &amp#27;[90m738 ms - 14&amp#27;[39m
&amp#27;[38;5;0m[HTTP]&amp#27;[0m &amp#27;[90m&amp#27;[39m
&amp#27;[38;5;0m[HTTP]&amp#27;[0m &amp#27;[37m-->&amp#27;[39m &amp#27;[37mPOST&amp#27;[39m &amp#27;[37m/session/caf0f462-7df9-4e23-8625-6505db1f224c/execute/sync&amp#27;[39m
&amp#27;[38;5;0m[HTTP]&amp#27;[0m &amp#27;[90m{"script":"mobile: hideKeyboard","args":[]}&amp#27;[39m
[debug] &amp#27;[38;5;32m[AndroidUiautomator2Driver@f487 (caf0f462)]&amp#27;[0m Calling AppiumDriver.execute() with args: ["mobile: hideKeyboard",[],"caf0f462-7df9-4e23-8625-6505db1f224c"]
&amp#27;[38;5;32m[AndroidUiautomator2Driver@f487 (caf0f462)]&amp#27;[0m Executing method 'mobile: hideKeyboard'
[debug] &amp#27;[38;5;64m[ADB]&amp#27;[0m Running 'C:\Users\USER\AppData\Local\Android\Sdk\platform-tools\adb.exe -P 5037 -s emulator-5554 shell dumpsys input_method'
[debug] &amp#27;[38;5;64m[ADB]&amp#27;[0m Running 'C:\Users\USER\AppData\Local\Android\Sdk\platform-tools\adb.exe -P 5037 -s emulator-5554 shell input keyevent 111'
[debug] &amp#27;[38;5;64m[ADB]&amp#27;[0m Running 'C:\Users\USER\AppData\Local\Android\Sdk\platform-tools\adb.exe -P 5037 -s emulator-5554 shell dumpsys input_method'
[debug] &amp#27;[38;5;32m[AndroidUiautomator2Driver@f487 (caf0f462)]&amp#27;[0m Responding to client with driver.execute() result: true
&amp#27;[38;5;0m[HTTP]&amp#27;[0m &amp#27;[37m<-- POST /session/caf0f462-7df9-4e23-8625-6505db1f224c/execute/sync &amp#27;[39m&amp#27;[32m200&amp#27;[39m &amp#27;[90m950 ms - 14&amp#27;[39m
&amp#27;[38;5;0m[HTTP]&amp#27;[0m &amp#27;[90m&amp#27;[39m
&amp#27;[38;5;0m[HTTP]&amp#27;[0m &amp#27;[37m-->&amp#27;[39m &amp#27;[37mGET&amp#27;[39m &amp#27;[37m/session/caf0f462-7df9-4e23-8625-6505db1f224c/context&amp#27;[39m
&amp#27;[38;5;0m[HTTP]&amp#27;[0m &amp#27;[90m{}&amp#27;[39m
[debug] &amp#27;[38;5;32m[AndroidUiautomator2Driver@f487 (caf0f462)]&amp#27;[0m Calling AppiumDriver.getCurrentContext() with args: ["caf0f462-7df9-4e23-8625-6505db1f224c"]
[debug] &amp#27;[38;5;32m[AndroidUiautomator2Driver@f487 (caf0f462)]&amp#27;[0m Responding to client with driver.getCurrentContext() result: "NATIVE_APP"
&amp#27;[38;5;0m[HTTP]&amp#27;[0m &amp#27;[37m<-- GET /session/caf0f462-7df9-4e23-8625-6505db1f224c/context &amp#27;[39m&amp#27;[32m200&amp#27;[39m &amp#27;[90m2 ms - 22&amp#27;[39m
&amp#27;[38;5;0m[HTTP]&amp#27;[0m &amp#27;[90m&amp#27;[39m
&amp#27;[38;5;0m[HTTP]&amp#27;[0m &amp#27;[37m-->&amp#27;[39m &amp#27;[37mPOST&amp#27;[39m &amp#27;[37m/session/caf0f462-7df9-4e23-8625-6505db1f224c/element&amp#27;[39m
&amp#27;[38;5;0m[HTTP]&amp#27;[0m &amp#27;[90m{"using":"xpath","value":"(//android.widget.EditText)[3]"}&amp#27;[39m
[debug] &amp#27;[38;5;32m[AndroidUiautomator2Driver@f487 (caf0f462)]&amp#27;[0m Calling AppiumDriver.findElement() with args: ["xpath","(//android.widget.EditText)[3]","caf0f462-7df9-4e23-8625-6505db1f224c"]
[debug] &amp#27;[38;5;32m[AndroidUiautomator2Driver@f487 (caf0f462)]&amp#27;[0m Valid locator strategies for this request: xpath, id, class name, accessibility id, css selector, -android uiautomator
[debug] &amp#27;[38;5;32m[AndroidUiautomator2Driver@f487 (caf0f462)]&amp#27;[0m Waiting up to 10000 ms for condition
[debug] &amp#27;[38;5;32m[AndroidUiautomator2Driver@f487 (caf0f462)]&amp#27;[0m Matched '/element' to command name 'findElement'
[debug] &amp#27;[38;5;32m[AndroidUiautomator2Driver@f487 (caf0f462)]&amp#27;[0m Proxying [POST /element] to [POST http://127.0.0.1:8201/session/e809f3a7-de2d-4b7b-99ef-d58bf3d34096/element] with body: {"strategy":"xpath","selector":"(//android.widget.EditText)[3]","context":"","multiple":false}
[debug] &amp#27;[38;5;32m[AndroidUiautomator2Driver@f487 (caf0f462)]&amp#27;[0m Got response with status 200: {"sessionId":"e809f3a7-de2d-4b7b-99ef-d58bf3d34096","value":{"ELEMENT":"00000000-0000-0092-0000-002000000000","element-6066-11e4-a52e-4f735466cecf":"00000000-0000-0092-0000-002000000000"}}
[debug] &amp#27;[38;5;32m[AndroidUiautomator2Driver@f487 (caf0f462)]&amp#27;[0m Responding to client with driver.findElement() result: {"element-6066-11e4-a52e-4f735466cecf":"00000000-0000-0092-0000-002000000000","ELEMENT":"00000000-0000-0092-0000-002000000000"}
&amp#27;[38;5;0m[HTTP]&amp#27;[0m &amp#27;[37m<-- POST /session/caf0f462-7df9-4e23-8625-6505db1f224c/element &amp#27;[39m&amp#27;[32m200&amp#27;[39m &amp#27;[90m129 ms - 137&amp#27;[39m
&amp#27;[38;5;0m[HTTP]&amp#27;[0m &amp#27;[90m&amp#27;[39m
&amp#27;[38;5;0m[HTTP]&amp#27;[0m &amp#27;[37m-->&amp#27;[39m &amp#27;[37mPOST&amp#27;[39m &amp#27;[37m/session/caf0f462-7df9-4e23-8625-6505db1f224c/element/00000000-0000-0092-0000-002000000000/click&amp#27;[39m
&amp#27;[38;5;0m[HTTP]&amp#27;[0m &amp#27;[90m{"id":"00000000-0000-0092-0000-002000000000"}&amp#27;[39m
[debug] &amp#27;[38;5;32m[AndroidUiautomator2Driver@f487 (caf0f462)]&amp#27;[0m Calling AppiumDriver.click() with args: ["00000000-0000-0092-0000-002000000000","caf0f462-7df9-4e23-8625-6505db1f224c"]
[debug] &amp#27;[38;5;32m[AndroidUiautomator2Driver@f487 (caf0f462)]&amp#27;[0m Matched '/element/00000000-0000-0092-0000-002000000000/click' to command name 'click'
[debug] &amp#27;[38;5;32m[AndroidUiautomator2Driver@f487 (caf0f462)]&amp#27;[0m Proxying [POST /element/00000000-0000-0092-0000-002000000000/click] to [POST http://127.0.0.1:8201/session/e809f3a7-de2d-4b7b-99ef-d58bf3d34096/element/00000000-0000-0092-0000-002000000000/click] with body: {"element":"00000000-0000-0092-0000-002000000000"}
[debug] &amp#27;[38;5;32m[AndroidUiautomator2Driver@f487 (caf0f462)]&amp#27;[0m Got response with status 200: {"sessionId":"e809f3a7-de2d-4b7b-99ef-d58bf3d34096","value":null}
[debug] &amp#27;[38;5;32m[AndroidUiautomator2Driver@f487 (caf0f462)]&amp#27;[0m Responding to client with driver.click() result: null
&amp#27;[38;5;0m[HTTP]&amp#27;[0m &amp#27;[37m<-- POST /session/caf0f462-7df9-4e23-8625-6505db1f224c/element/00000000-0000-0092-0000-002000000000/click &amp#27;[39m&amp#27;[32m200&amp#27;[39m &amp#27;[90m33 ms - 14&amp#27;[39m
&amp#27;[38;5;0m[HTTP]&amp#27;[0m &amp#27;[90m&amp#27;[39m
&amp#27;[38;5;0m[HTTP]&amp#27;[0m &amp#27;[37m-->&amp#27;[39m &amp#27;[37mGET&amp#27;[39m &amp#27;[37m/session/caf0f462-7df9-4e23-8625-6505db1f224c/context&amp#27;[39m
&amp#27;[38;5;0m[HTTP]&amp#27;[0m &amp#27;[90m{}&amp#27;[39m
[debug] &amp#27;[38;5;32m[AndroidUiautomator2Driver@f487 (caf0f462)]&amp#27;[0m Calling AppiumDriver.getCurrentContext() with args: ["caf0f462-7df9-4e23-8625-6505db1f224c"]
[debug] &amp#27;[38;5;32m[AndroidUiautomator2Driver@f487 (caf0f462)]&amp#27;[0m Responding to client with driver.getCurrentContext() result: "NATIVE_APP"
&amp#27;[38;5;0m[HTTP]&amp#27;[0m &amp#27;[37m<-- GET /session/caf0f462-7df9-4e23-8625-6505db1f224c/context &amp#27;[39m&amp#27;[32m200&amp#27;[39m &amp#27;[90m2 ms - 22&amp#27;[39m
&amp#27;[38;5;0m[HTTP]&amp#27;[0m &amp#27;[90m&amp#27;[39m
&amp#27;[38;5;0m[HTTP]&amp#27;[0m &amp#27;[37m-->&amp#27;[39m &amp#27;[37mPOST&amp#27;[39m &amp#27;[37m/session/caf0f462-7df9-4e23-8625-6505db1f224c/element&amp#27;[39m
&amp#27;[38;5;0m[HTTP]&amp#27;[0m &amp#27;[90m{"using":"xpath","value":"(//android.widget.EditText)[3]"}&amp#27;[39m
[debug] &amp#27;[38;5;32m[AndroidUiautomator2Driver@f487 (caf0f462)]&amp#27;[0m Calling AppiumDriver.findElement() with args: ["xpath","(//android.widget.EditText)[3]","caf0f462-7df9-4e23-8625-6505db1f224c"]
[debug] &amp#27;[38;5;32m[AndroidUiautomator2Driver@f487 (caf0f462)]&amp#27;[0m Valid locator strategies for this request: xpath, id, class name, accessibility id, css selector, -android uiautomator
[debug] &amp#27;[38;5;32m[AndroidUiautomator2Driver@f487 (caf0f462)]&amp#27;[0m Waiting up to 10000 ms for condition
[debug] &amp#27;[38;5;32m[AndroidUiautomator2Driver@f487 (caf0f462)]&amp#27;[0m Matched '/element' to command name 'findElement'
[debug] &amp#27;[38;5;32m[AndroidUiautomator2Driver@f487 (caf0f462)]&amp#27;[0m Proxying [POST /element] to [POST http://127.0.0.1:8201/session/e809f3a7-de2d-4b7b-99ef-d58bf3d34096/element] with body: {"strategy":"xpath","selector":"(//android.widget.EditText)[3]","context":"","multiple":false}
[debug] &amp#27;[38;5;32m[AndroidUiautomator2Driver@f487 (caf0f462)]&amp#27;[0m Got response with status 200: {"sessionId":"e809f3a7-de2d-4b7b-99ef-d58bf3d34096","value":{"ELEMENT":"00000000-0000-0092-0000-002000000000","element-6066-11e4-a52e-4f735466cecf":"00000000-0000-0092-0000-002000000000"}}
[debug] &amp#27;[38;5;32m[AndroidUiautomator2Driver@f487 (caf0f462)]&amp#27;[0m Responding to client with driver.findElement() result: {"element-6066-11e4-a52e-4f735466cecf":"00000000-0000-0092-0000-002000000000","ELEMENT":"00000000-0000-0092-0000-002000000000"}
&amp#27;[38;5;0m[HTTP]&amp#27;[0m &amp#27;[37m<-- POST /session/caf0f462-7df9-4e23-8625-6505db1f224c/element &amp#27;[39m&amp#27;[32m200&amp#27;[39m &amp#27;[90m235 ms - 137&amp#27;[39m
&amp#27;[38;5;0m[HTTP]&amp#27;[0m &amp#27;[90m&amp#27;[39m
&amp#27;[38;5;0m[HTTP]&amp#27;[0m &amp#27;[37m-->&amp#27;[39m &amp#27;[37mPOST&amp#27;[39m &amp#27;[37m/session/caf0f462-7df9-4e23-8625-6505db1f224c/element/00000000-0000-0092-0000-002000000000/value&amp#27;[39m
&amp#27;[38;5;0m[HTTP]&amp#27;[0m &amp#27;[90m{"id":"00000000-0000-0092-0000-002000000000","text":"Bhavana@1234","value":["B","h","a","v","a","n","a","@","1","2","3","4"]}&amp#27;[39m
[debug] &amp#27;[38;5;32m[AndroidUiautomator2Driver@f487 (caf0f462)]&amp#27;[0m Calling AppiumDriver.setValue() with args: [["B","h","a","v","a","n","a","@","1","2","3","4"],"00000000-0000-0092-0000-002000000000","caf0f462-7df9-4e23-8625-6505db1f224c"]
[debug] &amp#27;[38;5;32m[AndroidUiautomator2Driver@f487 (caf0f462)]&amp#27;[0m Matched '/element/00000000-0000-0092-0000-002000000000/value' to command name 'setValue'
[debug] &amp#27;[38;5;32m[AndroidUiautomator2Driver@f487 (caf0f462)]&amp#27;[0m Added 'value' property ["B","h","a","v","a","n","a","@","1","2","3","4"] to 'setValue' request body
[debug] &amp#27;[38;5;32m[AndroidUiautomator2Driver@f487 (caf0f462)]&amp#27;[0m Proxying [POST /element/00000000-0000-0092-0000-002000000000/value] to [POST http://127.0.0.1:8201/session/e809f3a7-de2d-4b7b-99ef-d58bf3d34096/element/00000000-0000-0092-0000-002000000000/value] with body: {"elementId":"00000000-0000-0092-0000-002000000000","text":"Bhavana@1234","replace":false,"value":["B","h","a","v","a","n","a","@","1","2","3","4"]}
[debug] &amp#27;[38;5;32m[AndroidUiautomator2Driver@f487 (caf0f462)]&amp#27;[0m Got response with status 200: {"sessionId":"e809f3a7-de2d-4b7b-99ef-d58bf3d34096","value":null}
[debug] &amp#27;[38;5;32m[AndroidUiautomator2Driver@f487 (caf0f462)]&amp#27;[0m Responding to client with driver.setValue() result: null
&amp#27;[38;5;0m[HTTP]&amp#27;[0m &amp#27;[37m<-- POST /session/caf0f462-7df9-4e23-8625-6505db1f224c/element/00000000-0000-0092-0000-002000000000/value &amp#27;[39m&amp#27;[32m200&amp#27;[39m &amp#27;[90m656 ms - 14&amp#27;[39m
&amp#27;[38;5;0m[HTTP]&amp#27;[0m &amp#27;[90m&amp#27;[39m
&amp#27;[38;5;0m[HTTP]&amp#27;[0m &amp#27;[37m-->&amp#27;[39m &amp#27;[37mPOST&amp#27;[39m &amp#27;[37m/session/caf0f462-7df9-4e23-8625-6505db1f224c/execute/sync&amp#27;[39m
&amp#27;[38;5;0m[HTTP]&amp#27;[0m &amp#27;[90m{"script":"mobile: hideKeyboard","args":[]}&amp#27;[39m
[debug] &amp#27;[38;5;32m[AndroidUiautomator2Driver@f487 (caf0f462)]&amp#27;[0m Calling AppiumDriver.execute() with args: ["mobile: hideKeyboard",[],"caf0f462-7df9-4e23-8625-6505db1f224c"]
&amp#27;[38;5;32m[AndroidUiautomator2Driver@f487 (caf0f462)]&amp#27;[0m Executing method 'mobile: hideKeyboard'
[debug] &amp#27;[38;5;64m[ADB]&amp#27;[0m Running 'C:\Users\USER\AppData\Local\Android\Sdk\platform-tools\adb.exe -P 5037 -s emulator-5554 shell dumpsys input_method'
[debug] &amp#27;[38;5;64m[ADB]&amp#27;[0m Running 'C:\Users\USER\AppData\Local\Android\Sdk\platform-tools\adb.exe -P 5037 -s emulator-5554 shell input keyevent 111'
[debug] &amp#27;[38;5;64m[ADB]&amp#27;[0m Running 'C:\Users\USER\AppData\Local\Android\Sdk\platform-tools\adb.exe -P 5037 -s emulator-5554 shell dumpsys input_method'
[debug] &amp#27;[38;5;64m[ADB]&amp#27;[0m Running 'C:\Users\USER\AppData\Local\Android\Sdk\platform-tools\adb.exe -P 5037 -s emulator-5554 shell dumpsys input_method'
[debug] &amp#27;[38;5;64m[ADB]&amp#27;[0m Running 'C:\Users\USER\AppData\Local\Android\Sdk\platform-tools\adb.exe -P 5037 -s emulator-5554 shell dumpsys input_method'
[debug] &amp#27;[38;5;64m[ADB]&amp#27;[0m Running 'C:\Users\USER\AppData\Local\Android\Sdk\platform-tools\adb.exe -P 5037 -s emulator-5554 shell input keyevent 4'
[debug] &amp#27;[38;5;64m[ADB]&amp#27;[0m Running 'C:\Users\USER\AppData\Local\Android\Sdk\platform-tools\adb.exe -P 5037 -s emulator-5554 shell dumpsys input_method'
[debug] &amp#27;[38;5;32m[AndroidUiautomator2Driver@f487 (caf0f462)]&amp#27;[0m Responding to client with driver.execute() result: true
&amp#27;[38;5;0m[HTTP]&amp#27;[0m &amp#27;[37m<-- POST /session/caf0f462-7df9-4e23-8625-6505db1f224c/execute/sync &amp#27;[39m&amp#27;[32m200&amp#27;[39m &amp#27;[90m2458 ms - 14&amp#27;[39m
&amp#27;[38;5;0m[HTTP]&amp#27;[0m &amp#27;[90m&amp#27;[39m
&amp#27;[38;5;0m[HTTP]&amp#27;[0m &amp#27;[37m-->&amp#27;[39m &amp#27;[37mGET&amp#27;[39m &amp#27;[37m/session/caf0f462-7df9-4e23-8625-6505db1f224c/context&amp#27;[39m
&amp#27;[38;5;0m[HTTP]&amp#27;[0m &amp#27;[90m{}&amp#27;[39m
[debug] &amp#27;[38;5;32m[AndroidUiautomator2Driver@f487 (caf0f462)]&amp#27;[0m Calling AppiumDriver.getCurrentContext() with args: ["caf0f462-7df9-4e23-8625-6505db1f224c"]
[debug] &amp#27;[38;5;32m[AndroidUiautomator2Driver@f487 (caf0f462)]&amp#27;[0m Responding to client with driver.getCurrentContext() result: "NATIVE_APP"
&amp#27;[38;5;0m[HTTP]&amp#27;[0m &amp#27;[37m<-- GET /session/caf0f462-7df9-4e23-8625-6505db1f224c/context &amp#27;[39m&amp#27;[32m200&amp#27;[39m &amp#27;[90m2 ms - 22&amp#27;[39m
&amp#27;[38;5;0m[HTTP]&amp#27;[0m &amp#27;[90m&amp#27;[39m
&amp#27;[38;5;0m[HTTP]&amp#27;[0m &amp#27;[37m-->&amp#27;[39m &amp#27;[37mPOST&amp#27;[39m &amp#27;[37m/session/caf0f462-7df9-4e23-8625-6505db1f224c/element&amp#27;[39m
&amp#27;[38;5;0m[HTTP]&amp#27;[0m &amp#27;[90m{"using":"accessibility id","value":"Sign Up"}&amp#27;[39m
[debug] &amp#27;[38;5;32m[AndroidUiautomator2Driver@f487 (caf0f462)]&amp#27;[0m Calling AppiumDriver.findElement() with args: ["accessibility id","Sign Up","caf0f462-7df9-4e23-8625-6505db1f224c"]
[debug] &amp#27;[38;5;32m[AndroidUiautomator2Driver@f487 (caf0f462)]&amp#27;[0m Valid locator strategies for this request: xpath, id, class name, accessibility id, css selector, -android uiautomator
[debug] &amp#27;[38;5;32m[AndroidUiautomator2Driver@f487 (caf0f462)]&amp#27;[0m Waiting up to 10000 ms for condition
[debug] &amp#27;[38;5;32m[AndroidUiautomator2Driver@f487 (caf0f462)]&amp#27;[0m Matched '/element' to command name 'findElement'
[debug] &amp#27;[38;5;32m[AndroidUiautomator2Driver@f487 (caf0f462)]&amp#27;[0m Proxying [POST /element] to [POST http://127.0.0.1:8201/session/e809f3a7-de2d-4b7b-99ef-d58bf3d34096/element] with body: {"strategy":"accessibility id","selector":"Sign Up","context":"","multiple":false}
[debug] &amp#27;[38;5;32m[AndroidUiautomator2Driver@f487 (caf0f462)]&amp#27;[0m Got response with status 200: {"sessionId":"e809f3a7-de2d-4b7b-99ef-d58bf3d34096","value":{"ELEMENT":"00000000-0000-0092-0000-002200000000","element-6066-11e4-a52e-4f735466cecf":"00000000-0000-0092-0000-002200000000"}}
[debug] &amp#27;[38;5;32m[AndroidUiautomator2Driver@f487 (caf0f462)]&amp#27;[0m Responding to client with driver.findElement() result: {"element-6066-11e4-a52e-4f735466cecf":"00000000-0000-0092-0000-002200000000","ELEMENT":"00000000-0000-0092-0000-002200000000"}
&amp#27;[38;5;0m[HTTP]&amp#27;[0m &amp#27;[37m<-- POST /session/caf0f462-7df9-4e23-8625-6505db1f224c/element &amp#27;[39m&amp#27;[32m200&amp#27;[39m &amp#27;[90m38 ms - 137&amp#27;[39m
&amp#27;[38;5;0m[HTTP]&amp#27;[0m &amp#27;[90m&amp#27;[39m
&amp#27;[38;5;0m[HTTP]&amp#27;[0m &amp#27;[37m-->&amp#27;[39m &amp#27;[37mPOST&amp#27;[39m &amp#27;[37m/session/caf0f462-7df9-4e23-8625-6505db1f224c/element/00000000-0000-0092-0000-002200000000/click&amp#27;[39m
&amp#27;[38;5;0m[HTTP]&amp#27;[0m &amp#27;[90m{"id":"00000000-0000-0092-0000-002200000000"}&amp#27;[39m
[debug] &amp#27;[38;5;32m[AndroidUiautomator2Driver@f487 (caf0f462)]&amp#27;[0m Calling AppiumDriver.click() with args: ["00000000-0000-0092-0000-002200000000","caf0f462-7df9-4e23-8625-6505db1f224c"]
[debug] &amp#27;[38;5;32m[AndroidUiautomator2Driver@f487 (caf0f462)]&amp#27;[0m Matched '/element/00000000-0000-0092-0000-002200000000/click' to command name 'click'
[debug] &amp#27;[38;5;32m[AndroidUiautomator2Driver@f487 (caf0f462)]&amp#27;[0m Proxying [POST /element/00000000-0000-0092-0000-002200000000/click] to [POST http://127.0.0.1:8201/session/e809f3a7-de2d-4b7b-99ef-d58bf3d34096/element/00000000-0000-0092-0000-002200000000/click] with body: {"element":"00000000-0000-0092-0000-002200000000"}
[debug] &amp#27;[38;5;32m[AndroidUiautomator2Driver@f487 (caf0f462)]&amp#27;[0m Got response with status 200: {"sessionId":"e809f3a7-de2d-4b7b-99ef-d58bf3d34096","value":null}
[debug] &amp#27;[38;5;32m[AndroidUiautomator2Driver@f487 (caf0f462)]&amp#27;[0m Responding to client with driver.click() result: null
&amp#27;[38;5;0m[HTTP]&amp#27;[0m &amp#27;[37m<-- POST /session/caf0f462-7df9-4e23-8625-6505db1f224c/element/00000000-0000-0092-0000-002200000000/click &amp#27;[39m&amp#27;[32m200&amp#27;[39m &amp#27;[90m42 ms - 14&amp#27;[39m
&amp#27;[38;5;0m[HTTP]&amp#27;[0m &amp#27;[90m&amp#27;[39m
12:00:39.658 [main] ERROR testclass.registerTest - error
This is a test scenario: onTestSuccessinvalidverifytest
]]></system-out>
  </testcase>
</testsuite>