<?xml version="1.0" encoding="UTF-8"?>
<testng-results ignored="0" total="2" passed="2" failed="0" skipped="0">
  <reporter-output>
  </reporter-output>
  <suite started-at="2024-01-05T14:57:58 IST" name="Suite" finished-at="2024-01-05T14:59:05 IST" duration-ms="67038">
    <groups>
    </groups>
    <test started-at="2024-01-05T14:57:58 IST" name="Test" finished-at="2024-01-05T14:59:05 IST" duration-ms="67038">
      <class name="testclass.registerTest">
        <test-method is-config="true" signature="setup()[pri:0, instance:testclass.registerTest@189aa67a]" started-at="2024-01-05T14:57:59 IST" name="setup" finished-at="2024-01-05T14:58:38 IST" duration-ms="39144" status="PASS">
          <reporter-output>
          </reporter-output>
        </test-method> <!-- setup -->
        <test-method signature="validverifytest()[pri:0, instance:testclass.registerTest@189aa67a]" started-at="2024-01-05T14:58:38 IST" name="validverifytest" finished-at="2024-01-05T14:58:52 IST" duration-ms="13707" status="PASS">
          <reporter-output>
          </reporter-output>
        </test-method> <!-- validverifytest -->
        <test-method signature="invalidverifytest()[pri:1, instance:testclass.registerTest@189aa67a]" started-at="2024-01-05T14:58:52 IST" name="invalidverifytest" finished-at="2024-01-05T14:59:05 IST" duration-ms="13587" status="PASS">
          <reporter-output>
          </reporter-output>
        </test-method> <!-- invalidverifytest -->
      </class> <!-- testclass.registerTest -->
    </test> <!-- Test -->
  </suite> <!-- Suite -->
</testng-results>
